2021-05-22 22:16:25,082 INFO org.springframework.boot.StartupInfoLogger [restartedMain] Starting CBSProjectApplication using Java 11.0.2 on DESKTOP-4RAGRB1 with PID 5048 (D:\Spring Boot Projects 2021\CBS\target\classes started by Dell in D:\Spring Boot Projects 2021)
2021-05-22 22:16:25,084 INFO org.springframework.boot.SpringApplication [restartedMain] No active profile set, falling back to default profiles: default
2021-05-22 22:16:25,154 INFO org.springframework.boot.logging.DeferredLog [restartedMain] Devtools property defaults active! Set 'spring.devtools.add-properties' to 'false' to disable
2021-05-22 22:16:25,154 INFO org.springframework.boot.logging.DeferredLog [restartedMain] For additional web related logging consider setting the 'logging.level.web' property to 'DEBUG'
2021-05-22 22:16:26,881 INFO org.springframework.boot.web.embedded.tomcat.TomcatWebServer [restartedMain] Tomcat initialized with port(s): 8082 (http)
2021-05-22 22:16:26,925 INFO org.apache.juli.logging.DirectJDKLog [restartedMain] Initializing ProtocolHandler ["http-nio-8082"]
2021-05-22 22:16:26,926 INFO org.apache.juli.logging.DirectJDKLog [restartedMain] Starting service [Tomcat]
2021-05-22 22:16:26,926 INFO org.apache.juli.logging.DirectJDKLog [restartedMain] Starting Servlet engine: [Apache Tomcat/9.0.45]
2021-05-22 22:16:27,001 INFO org.apache.juli.logging.DirectJDKLog [restartedMain] Initializing Spring embedded WebApplicationContext
2021-05-22 22:16:27,002 INFO org.springframework.boot.web.servlet.context.ServletWebServerApplicationContext [restartedMain] Root WebApplicationContext: initialization completed in 1847 ms
2021-05-22 22:16:27,452 INFO org.springframework.scheduling.concurrent.ExecutorConfigurationSupport [restartedMain] Initializing ExecutorService 'applicationTaskExecutor'
2021-05-22 22:16:27,800 INFO org.springframework.boot.devtools.autoconfigure.OptionalLiveReloadServer [restartedMain] LiveReload server is running on port 35729
2021-05-22 22:16:27,808 INFO org.springframework.boot.actuate.endpoint.web.EndpointLinksResolver [restartedMain] Exposing 13 endpoint(s) beneath base path '/actuator'
2021-05-22 22:16:27,838 INFO org.apache.juli.logging.DirectJDKLog [restartedMain] Starting ProtocolHandler ["http-nio-8082"]
2021-05-22 22:16:27,860 INFO org.springframework.boot.web.embedded.tomcat.TomcatWebServer [restartedMain] Tomcat started on port(s): 8082 (http) with context path ''
2021-05-22 22:16:27,879 INFO org.springframework.boot.StartupInfoLogger [restartedMain] Started CBSProjectApplication in 3.596 seconds (JVM running for 4.391)
2021-05-22 22:17:32,713 INFO org.springframework.scheduling.concurrent.ExecutorConfigurationSupport [SpringContextShutdownHook] Shutting down ExecutorService 'applicationTaskExecutor'
2021-05-22 22:17:35,949 INFO org.springframework.boot.StartupInfoLogger [restartedMain] Starting CBSProjectApplication using Java 11.0.2 on DESKTOP-4RAGRB1 with PID 18636 (D:\Spring Boot Projects 2021\CBS\target\classes started by Dell in D:\Spring Boot Projects 2021)
2021-05-22 22:17:35,951 INFO org.springframework.boot.SpringApplication [restartedMain] No active profile set, falling back to default profiles: default
2021-05-22 22:17:36,030 INFO org.springframework.boot.logging.DeferredLog [restartedMain] Devtools property defaults active! Set 'spring.devtools.add-properties' to 'false' to disable
2021-05-22 22:17:36,031 INFO org.springframework.boot.logging.DeferredLog [restartedMain] For additional web related logging consider setting the 'logging.level.web' property to 'DEBUG'
2021-05-22 22:17:37,784 INFO org.springframework.boot.web.embedded.tomcat.TomcatWebServer [restartedMain] Tomcat initialized with port(s): 8082 (http)
2021-05-22 22:17:37,812 INFO org.apache.juli.logging.DirectJDKLog [restartedMain] Initializing ProtocolHandler ["http-nio-8082"]
2021-05-22 22:17:37,813 INFO org.apache.juli.logging.DirectJDKLog [restartedMain] Starting service [Tomcat]
2021-05-22 22:17:37,813 INFO org.apache.juli.logging.DirectJDKLog [restartedMain] Starting Servlet engine: [Apache Tomcat/9.0.45]
2021-05-22 22:17:37,906 INFO org.apache.juli.logging.DirectJDKLog [restartedMain] Initializing Spring embedded WebApplicationContext
2021-05-22 22:17:37,907 INFO org.springframework.boot.web.servlet.context.ServletWebServerApplicationContext [restartedMain] Root WebApplicationContext: initialization completed in 1875 ms
2021-05-22 22:17:38,321 INFO org.springframework.scheduling.concurrent.ExecutorConfigurationSupport [restartedMain] Initializing ExecutorService 'applicationTaskExecutor'
2021-05-22 22:17:38,697 INFO org.springframework.boot.devtools.autoconfigure.OptionalLiveReloadServer [restartedMain] LiveReload server is running on port 35729
2021-05-22 22:17:38,706 INFO org.springframework.boot.actuate.endpoint.web.EndpointLinksResolver [restartedMain] Exposing 13 endpoint(s) beneath base path '/actuator'
2021-05-22 22:17:38,732 INFO org.apache.juli.logging.DirectJDKLog [restartedMain] Starting ProtocolHandler ["http-nio-8082"]
2021-05-22 22:17:38,755 INFO org.springframework.boot.web.embedded.tomcat.TomcatWebServer [restartedMain] Tomcat started on port(s): 8082 (http) with context path ''
2021-05-22 22:17:38,772 INFO org.springframework.boot.StartupInfoLogger [restartedMain] Started CBSProjectApplication in 3.658 seconds (JVM running for 4.408)
2021-05-22 22:19:12,924 INFO org.springframework.scheduling.concurrent.ExecutorConfigurationSupport [SpringContextShutdownHook] Shutting down ExecutorService 'applicationTaskExecutor'
2021-05-22 22:19:16,341 INFO org.springframework.boot.StartupInfoLogger [restartedMain] Starting CBSProjectApplication using Java 11.0.2 on DESKTOP-4RAGRB1 with PID 14092 (D:\Spring Boot Projects 2021\CBS\target\classes started by Dell in D:\Spring Boot Projects 2021)
2021-05-22 22:19:16,343 INFO org.springframework.boot.SpringApplication [restartedMain] No active profile set, falling back to default profiles: default
2021-05-22 22:19:16,419 INFO org.springframework.boot.logging.DeferredLog [restartedMain] Devtools property defaults active! Set 'spring.devtools.add-properties' to 'false' to disable
2021-05-22 22:19:16,420 INFO org.springframework.boot.logging.DeferredLog [restartedMain] For additional web related logging consider setting the 'logging.level.web' property to 'DEBUG'
2021-05-22 22:19:18,269 INFO org.springframework.boot.web.embedded.tomcat.TomcatWebServer [restartedMain] Tomcat initialized with port(s): 8082 (http)
2021-05-22 22:19:18,313 INFO org.apache.juli.logging.DirectJDKLog [restartedMain] Initializing ProtocolHandler ["http-nio-8082"]
2021-05-22 22:19:18,314 INFO org.apache.juli.logging.DirectJDKLog [restartedMain] Starting service [Tomcat]
2021-05-22 22:19:18,314 INFO org.apache.juli.logging.DirectJDKLog [restartedMain] Starting Servlet engine: [Apache Tomcat/9.0.45]
2021-05-22 22:19:18,402 INFO org.apache.juli.logging.DirectJDKLog [restartedMain] Initializing Spring embedded WebApplicationContext
2021-05-22 22:19:18,403 INFO org.springframework.boot.web.servlet.context.ServletWebServerApplicationContext [restartedMain] Root WebApplicationContext: initialization completed in 1982 ms
2021-05-22 22:19:18,824 INFO org.springframework.scheduling.concurrent.ExecutorConfigurationSupport [restartedMain] Initializing ExecutorService 'applicationTaskExecutor'
2021-05-22 22:19:19,242 INFO org.springframework.boot.devtools.autoconfigure.OptionalLiveReloadServer [restartedMain] LiveReload server is running on port 35729
2021-05-22 22:19:19,249 INFO org.springframework.boot.actuate.endpoint.web.EndpointLinksResolver [restartedMain] Exposing 13 endpoint(s) beneath base path '/actuator'
2021-05-22 22:19:19,278 INFO org.apache.juli.logging.DirectJDKLog [restartedMain] Starting ProtocolHandler ["http-nio-8082"]
2021-05-22 22:19:19,303 INFO org.springframework.boot.web.embedded.tomcat.TomcatWebServer [restartedMain] Tomcat started on port(s): 8082 (http) with context path ''
2021-05-22 22:19:19,319 INFO org.springframework.boot.StartupInfoLogger [restartedMain] Started CBSProjectApplication in 3.934 seconds (JVM running for 4.798)
2021-05-22 22:21:02,137 INFO org.springframework.scheduling.concurrent.ExecutorConfigurationSupport [SpringContextShutdownHook] Shutting down ExecutorService 'applicationTaskExecutor'
2021-05-22 22:21:05,433 INFO org.springframework.boot.StartupInfoLogger [restartedMain] Starting CBSProjectApplication using Java 11.0.2 on DESKTOP-4RAGRB1 with PID 17548 (D:\Spring Boot Projects 2021\CBS\target\classes started by Dell in D:\Spring Boot Projects 2021)
2021-05-22 22:21:05,435 INFO org.springframework.boot.SpringApplication [restartedMain] No active profile set, falling back to default profiles: default
2021-05-22 22:21:05,511 INFO org.springframework.boot.logging.DeferredLog [restartedMain] Devtools property defaults active! Set 'spring.devtools.add-properties' to 'false' to disable
2021-05-22 22:21:05,512 INFO org.springframework.boot.logging.DeferredLog [restartedMain] For additional web related logging consider setting the 'logging.level.web' property to 'DEBUG'
2021-05-22 22:21:07,288 INFO org.springframework.boot.web.embedded.tomcat.TomcatWebServer [restartedMain] Tomcat initialized with port(s): 8082 (http)
2021-05-22 22:21:07,339 INFO org.apache.juli.logging.DirectJDKLog [restartedMain] Initializing ProtocolHandler ["http-nio-8082"]
2021-05-22 22:21:07,340 INFO org.apache.juli.logging.DirectJDKLog [restartedMain] Starting service [Tomcat]
2021-05-22 22:21:07,341 INFO org.apache.juli.logging.DirectJDKLog [restartedMain] Starting Servlet engine: [Apache Tomcat/9.0.45]
2021-05-22 22:21:07,438 INFO org.apache.juli.logging.DirectJDKLog [restartedMain] Initializing Spring embedded WebApplicationContext
2021-05-22 22:21:07,438 INFO org.springframework.boot.web.servlet.context.ServletWebServerApplicationContext [restartedMain] Root WebApplicationContext: initialization completed in 1925 ms
2021-05-22 22:21:07,877 INFO org.springframework.scheduling.concurrent.ExecutorConfigurationSupport [restartedMain] Initializing ExecutorService 'applicationTaskExecutor'
2021-05-22 22:21:08,230 INFO org.springframework.boot.devtools.autoconfigure.OptionalLiveReloadServer [restartedMain] LiveReload server is running on port 35729
2021-05-22 22:21:08,237 INFO org.springframework.boot.actuate.endpoint.web.EndpointLinksResolver [restartedMain] Exposing 13 endpoint(s) beneath base path '/actuator'
2021-05-22 22:21:08,263 INFO org.apache.juli.logging.DirectJDKLog [restartedMain] Starting ProtocolHandler ["http-nio-8082"]
2021-05-22 22:21:08,284 INFO org.springframework.boot.web.embedded.tomcat.TomcatWebServer [restartedMain] Tomcat started on port(s): 8082 (http) with context path ''
2021-05-22 22:21:08,301 INFO org.springframework.boot.StartupInfoLogger [restartedMain] Started CBSProjectApplication in 3.67 seconds (JVM running for 4.53)
2021-05-22 22:23:53,040 INFO org.apache.juli.logging.DirectJDKLog [http-nio-8082-exec-3] Initializing Spring DispatcherServlet 'dispatcherServlet'
2021-05-22 22:23:53,040 INFO org.springframework.web.servlet.FrameworkServlet [http-nio-8082-exec-3] Initializing Servlet 'dispatcherServlet'
2021-05-22 22:23:53,048 INFO org.springframework.web.servlet.FrameworkServlet [http-nio-8082-exec-3] Completed initialization in 4 ms
