2022-03-04 18:10:14,283 INFO org.springframework.boot.StartupInfoLogger [restartedMain] Starting LetterOfCreditApplication using Java 11.0.2 on DESKTOP-4RAGRB1 with PID 24112 (D:\Sonal-Azure\target\classes started by Dell in D:\Sonal-Azure)
2022-03-04 18:10:14,282 INFO org.hibernate.validator.internal.util.Version [background-preinit] HV000001: Hibernate Validator 6.2.0.Final
2022-03-04 18:10:14,289 INFO org.springframework.boot.SpringApplication [restartedMain] The following profiles are active: @spring.profiles.active@
2022-03-04 18:10:14,356 INFO org.springframework.boot.logging.DeferredLog [restartedMain] Devtools property defaults active! Set 'spring.devtools.add-properties' to 'false' to disable
2022-03-04 18:10:14,358 INFO org.springframework.boot.logging.DeferredLog [restartedMain] For additional web related logging consider setting the 'logging.level.web' property to 'DEBUG'
2022-03-04 18:10:16,535 INFO org.springframework.boot.web.embedded.tomcat.TomcatWebServer [restartedMain] Tomcat initialized with port(s): 8082 (http)
2022-03-04 18:10:16,555 INFO org.apache.juli.logging.DirectJDKLog [restartedMain] Initializing ProtocolHandler ["http-nio-8082"]
2022-03-04 18:10:16,556 INFO org.apache.juli.logging.DirectJDKLog [restartedMain] Starting service [Tomcat]
2022-03-04 18:10:16,556 INFO org.apache.juli.logging.DirectJDKLog [restartedMain] Starting Servlet engine: [Apache Tomcat/9.0.46]
2022-03-04 18:10:16,711 INFO org.apache.juli.logging.DirectJDKLog [restartedMain] Initializing Spring embedded WebApplicationContext
2022-03-04 18:10:16,711 INFO org.springframework.boot.web.servlet.context.ServletWebServerApplicationContext [restartedMain] Root WebApplicationContext: initialization completed in 2352 ms
2022-03-04 18:10:17,448 INFO org.springframework.scheduling.concurrent.ExecutorConfigurationSupport [restartedMain] Initializing ExecutorService 'applicationTaskExecutor'
2022-03-04 18:10:17,842 INFO org.springframework.boot.autoconfigure.security.servlet.UserDetailsServiceAutoConfiguration [restartedMain] 

Using generated security password: ffa0a67d-0ee7-4221-b892-5dcc7729e2d0

2022-03-04 18:10:18,053 INFO org.springframework.boot.actuate.endpoint.web.EndpointLinksResolver [restartedMain] Exposing 1 endpoint(s) beneath base path '/actuator'
2022-03-04 18:10:18,071 INFO org.springframework.security.web.DefaultSecurityFilterChain [restartedMain] Will secure any request with [org.springframework.security.web.context.request.async.WebAsyncManagerIntegrationFilter@2b6d38d3, org.springframework.security.web.context.SecurityContextPersistenceFilter@4e975e0a, org.springframework.security.web.header.HeaderWriterFilter@32988745, org.springframework.web.filter.CorsFilter@14265b06, org.springframework.security.web.csrf.CsrfFilter@71c629f, org.springframework.security.web.authentication.logout.LogoutFilter@440719ce, org.springframework.security.web.authentication.UsernamePasswordAuthenticationFilter@3803456d, org.springframework.security.web.authentication.ui.DefaultLoginPageGeneratingFilter@95b28a0, org.springframework.security.web.authentication.ui.DefaultLogoutPageGeneratingFilter@7ab83a7e, org.springframework.security.web.authentication.www.BasicAuthenticationFilter@3d5ff6dd, org.springframework.security.web.savedrequest.RequestCacheAwareFilter@765c1236, org.springframework.security.web.servletapi.SecurityContextHolderAwareRequestFilter@47ad89ad, org.springframework.security.web.authentication.AnonymousAuthenticationFilter@3893d2ea, org.springframework.security.web.session.SessionManagementFilter@748b4f90, org.springframework.security.web.access.ExceptionTranslationFilter@6de319f0, org.springframework.security.web.access.intercept.FilterSecurityInterceptor@105cd34b]
2022-03-04 18:10:18,235 WARN org.springframework.boot.devtools.autoconfigure.OptionalLiveReloadServer [restartedMain] Unable to start LiveReload server
2022-03-04 18:10:18,265 INFO org.apache.juli.logging.DirectJDKLog [restartedMain] Starting ProtocolHandler ["http-nio-8082"]
2022-03-04 18:10:18,304 INFO org.springframework.boot.web.embedded.tomcat.TomcatWebServer [restartedMain] Tomcat started on port(s): 8082 (http) with context path ''
2022-03-04 18:10:18,331 INFO org.springframework.boot.StartupInfoLogger [restartedMain] Started LetterOfCreditApplication in 4.835 seconds (JVM running for 6.011)
2022-03-04 18:10:18,410 INFO org.springframework.boot.availability.ApplicationAvailabilityBean [restartedMain] Application availability state LivenessState changed to CORRECT
2022-03-04 18:10:18,414 INFO org.springframework.boot.availability.ApplicationAvailabilityBean [restartedMain] Application availability state ReadinessState changed to ACCEPTING_TRAFFIC
2022-03-04 18:14:25,913 INFO org.apache.juli.logging.DirectJDKLog [http-nio-8082-exec-3] Initializing Spring DispatcherServlet 'dispatcherServlet'
2022-03-04 18:14:25,913 INFO org.springframework.web.servlet.FrameworkServlet [http-nio-8082-exec-3] Initializing Servlet 'dispatcherServlet'
2022-03-04 18:14:25,915 INFO org.springframework.web.servlet.FrameworkServlet [http-nio-8082-exec-3] Completed initialization in 2 ms
2022-03-04 18:32:03,672 INFO org.springframework.boot.StartupInfoLogger [restartedMain] Starting LetterOfCreditApplication using Java 11.0.2 on DESKTOP-4RAGRB1 with PID 89320 (D:\Sonal-Azure\target\classes started by Dell in D:\Sonal-Azure)
2022-03-04 18:32:03,668 INFO org.hibernate.validator.internal.util.Version [background-preinit] HV000001: Hibernate Validator 6.2.0.Final
2022-03-04 18:32:03,675 INFO org.springframework.boot.SpringApplication [restartedMain] The following profiles are active: @spring.profiles.active@
2022-03-04 18:32:03,732 INFO org.springframework.boot.logging.DeferredLog [restartedMain] Devtools property defaults active! Set 'spring.devtools.add-properties' to 'false' to disable
2022-03-04 18:32:03,733 INFO org.springframework.boot.logging.DeferredLog [restartedMain] For additional web related logging consider setting the 'logging.level.web' property to 'DEBUG'
2022-03-04 18:32:06,097 INFO org.springframework.boot.web.embedded.tomcat.TomcatWebServer [restartedMain] Tomcat initialized with port(s): 8082 (http)
2022-03-04 18:32:06,114 INFO org.apache.juli.logging.DirectJDKLog [restartedMain] Initializing ProtocolHandler ["http-nio-8082"]
2022-03-04 18:32:06,114 INFO org.apache.juli.logging.DirectJDKLog [restartedMain] Starting service [Tomcat]
2022-03-04 18:32:06,114 INFO org.apache.juli.logging.DirectJDKLog [restartedMain] Starting Servlet engine: [Apache Tomcat/9.0.46]
2022-03-04 18:32:06,270 INFO org.apache.juli.logging.DirectJDKLog [restartedMain] Initializing Spring embedded WebApplicationContext
2022-03-04 18:32:06,272 INFO org.springframework.boot.web.servlet.context.ServletWebServerApplicationContext [restartedMain] Root WebApplicationContext: initialization completed in 2538 ms
2022-03-04 18:32:06,997 INFO org.springframework.scheduling.concurrent.ExecutorConfigurationSupport [restartedMain] Initializing ExecutorService 'applicationTaskExecutor'
2022-03-04 18:32:07,361 INFO org.springframework.boot.autoconfigure.security.servlet.UserDetailsServiceAutoConfiguration [restartedMain] 

Using generated security password: 9505c374-7691-4195-95ab-dd4622312387

2022-03-04 18:32:07,516 INFO org.springframework.boot.actuate.endpoint.web.EndpointLinksResolver [restartedMain] Exposing 1 endpoint(s) beneath base path '/actuator'
2022-03-04 18:32:07,531 INFO org.springframework.security.web.DefaultSecurityFilterChain [restartedMain] Will secure any request with [org.springframework.security.web.context.request.async.WebAsyncManagerIntegrationFilter@3a6f672c, org.springframework.security.web.context.SecurityContextPersistenceFilter@2dc608a5, org.springframework.security.web.header.HeaderWriterFilter@35c7d6be, org.springframework.web.filter.CorsFilter@5fafc79, org.springframework.security.web.csrf.CsrfFilter@6452e5ec, org.springframework.security.web.authentication.logout.LogoutFilter@51f18e1e, org.springframework.security.web.authentication.UsernamePasswordAuthenticationFilter@244ed5e4, org.springframework.security.web.authentication.ui.DefaultLoginPageGeneratingFilter@5aec09d4, org.springframework.security.web.authentication.ui.DefaultLogoutPageGeneratingFilter@49c10e82, org.springframework.security.web.authentication.www.BasicAuthenticationFilter@201d9d51, org.springframework.security.web.savedrequest.RequestCacheAwareFilter@f8938dc, org.springframework.security.web.servletapi.SecurityContextHolderAwareRequestFilter@677a80fe, org.springframework.security.web.authentication.AnonymousAuthenticationFilter@2d671d99, org.springframework.security.web.session.SessionManagementFilter@4de5b19d, org.springframework.security.web.access.ExceptionTranslationFilter@57fcc1e9, org.springframework.security.web.access.intercept.FilterSecurityInterceptor@519c7938]
2022-03-04 18:32:07,674 WARN org.springframework.boot.devtools.autoconfigure.OptionalLiveReloadServer [restartedMain] Unable to start LiveReload server
2022-03-04 18:32:07,700 INFO org.apache.juli.logging.DirectJDKLog [restartedMain] Starting ProtocolHandler ["http-nio-8082"]
2022-03-04 18:32:07,727 INFO org.springframework.boot.web.embedded.tomcat.TomcatWebServer [restartedMain] Tomcat started on port(s): 8082 (http) with context path ''
2022-03-04 18:32:07,744 INFO org.springframework.boot.StartupInfoLogger [restartedMain] Started LetterOfCreditApplication in 4.837 seconds (JVM running for 6.02)
2022-03-04 18:32:07,817 INFO org.springframework.boot.availability.ApplicationAvailabilityBean [restartedMain] Application availability state LivenessState changed to CORRECT
2022-03-04 18:32:07,820 INFO org.springframework.boot.availability.ApplicationAvailabilityBean [restartedMain] Application availability state ReadinessState changed to ACCEPTING_TRAFFIC
2022-03-04 18:34:57,271 INFO org.apache.juli.logging.DirectJDKLog [http-nio-8082-exec-2] Initializing Spring DispatcherServlet 'dispatcherServlet'
2022-03-04 18:34:57,271 INFO org.springframework.web.servlet.FrameworkServlet [http-nio-8082-exec-2] Initializing Servlet 'dispatcherServlet'
2022-03-04 18:34:57,272 INFO org.springframework.web.servlet.FrameworkServlet [http-nio-8082-exec-2] Completed initialization in 1 ms
2022-03-04 18:37:23,155 INFO org.springframework.boot.availability.ApplicationAvailabilityBean [Thread-1] Application availability state ReadinessState changed from ACCEPTING_TRAFFIC to REFUSING_TRAFFIC
2022-03-04 18:37:23,282 INFO org.springframework.scheduling.concurrent.ExecutorConfigurationSupport [Thread-1] Shutting down ExecutorService 'applicationTaskExecutor'
2022-03-04 18:37:33,425 INFO org.springframework.boot.StartupInfoLogger [restartedMain] Starting LetterOfCreditApplication using Java 11.0.2 on DESKTOP-4RAGRB1 with PID 89320 (D:\Sonal-Azure\target\classes started by Dell in D:\Sonal-Azure)
2022-03-04 18:37:33,425 INFO org.springframework.boot.SpringApplication [restartedMain] The following profiles are active: @spring.profiles.active@
2022-03-04 18:37:34,087 INFO org.springframework.boot.web.embedded.tomcat.TomcatWebServer [restartedMain] Tomcat initialized with port(s): 8082 (http)
2022-03-04 18:37:34,087 INFO org.apache.juli.logging.DirectJDKLog [restartedMain] Starting service [Tomcat]
2022-03-04 18:37:34,089 INFO org.apache.juli.logging.DirectJDKLog [restartedMain] Starting Servlet engine: [Apache Tomcat/9.0.46]
2022-03-04 18:37:34,146 INFO org.apache.juli.logging.DirectJDKLog [restartedMain] Initializing Spring embedded WebApplicationContext
2022-03-04 18:37:34,146 INFO org.springframework.boot.web.servlet.context.ServletWebServerApplicationContext [restartedMain] Root WebApplicationContext: initialization completed in 715 ms
2022-03-04 18:37:34,282 INFO org.springframework.scheduling.concurrent.ExecutorConfigurationSupport [restartedMain] Initializing ExecutorService 'applicationTaskExecutor'
2022-03-04 18:37:34,404 INFO org.springframework.boot.autoconfigure.security.servlet.UserDetailsServiceAutoConfiguration [restartedMain] 

Using generated security password: be9dc075-a2cc-464c-acaa-63b5b6a20908

2022-03-04 18:37:34,418 INFO org.springframework.boot.actuate.endpoint.web.EndpointLinksResolver [restartedMain] Exposing 1 endpoint(s) beneath base path '/actuator'
2022-03-04 18:37:34,425 INFO org.springframework.security.web.DefaultSecurityFilterChain [restartedMain] Will secure any request with [org.springframework.security.web.context.request.async.WebAsyncManagerIntegrationFilter@7113f64e, org.springframework.security.web.context.SecurityContextPersistenceFilter@2c9dccc3, org.springframework.security.web.header.HeaderWriterFilter@1ddea3a8, org.springframework.web.filter.CorsFilter@42a56dbc, org.springframework.security.web.csrf.CsrfFilter@6618e22f, org.springframework.security.web.authentication.logout.LogoutFilter@2e914882, org.springframework.security.web.authentication.UsernamePasswordAuthenticationFilter@4411f729, org.springframework.security.web.authentication.ui.DefaultLoginPageGeneratingFilter@33b922ca, org.springframework.security.web.authentication.ui.DefaultLogoutPageGeneratingFilter@946727e, org.springframework.security.web.authentication.www.BasicAuthenticationFilter@316cff0a, org.springframework.security.web.savedrequest.RequestCacheAwareFilter@2367da40, org.springframework.security.web.servletapi.SecurityContextHolderAwareRequestFilter@4bccee67, org.springframework.security.web.authentication.AnonymousAuthenticationFilter@5f8448f3, org.springframework.security.web.session.SessionManagementFilter@d354ed0, org.springframework.security.web.access.ExceptionTranslationFilter@39c6d676, org.springframework.security.web.access.intercept.FilterSecurityInterceptor@7915b338]
2022-03-04 18:37:34,480 WARN org.springframework.boot.devtools.autoconfigure.OptionalLiveReloadServer [restartedMain] Unable to start LiveReload server
2022-03-04 18:37:34,504 INFO org.springframework.boot.web.embedded.tomcat.TomcatWebServer [restartedMain] Tomcat started on port(s): 8082 (http) with context path ''
2022-03-04 18:37:34,567 INFO org.springframework.boot.StartupInfoLogger [restartedMain] Started LetterOfCreditApplication in 1.237 seconds (JVM running for 332.843)
2022-03-04 18:37:34,568 INFO org.springframework.boot.availability.ApplicationAvailabilityBean [restartedMain] Application availability state LivenessState changed to CORRECT
2022-03-04 18:37:34,571 INFO org.springframework.boot.devtools.autoconfigure.ConditionEvaluationDeltaLoggingListener [restartedMain] Condition evaluation unchanged
2022-03-04 18:37:34,572 INFO org.springframework.boot.availability.ApplicationAvailabilityBean [restartedMain] Application availability state ReadinessState changed to ACCEPTING_TRAFFIC
2022-03-04 18:37:36,936 INFO org.springframework.boot.availability.ApplicationAvailabilityBean [Thread-7] Application availability state ReadinessState changed from ACCEPTING_TRAFFIC to REFUSING_TRAFFIC
2022-03-04 18:37:37,031 INFO org.springframework.scheduling.concurrent.ExecutorConfigurationSupport [Thread-7] Shutting down ExecutorService 'applicationTaskExecutor'
2022-03-04 18:37:37,148 INFO org.springframework.boot.StartupInfoLogger [restartedMain] Starting LetterOfCreditApplication using Java 11.0.2 on DESKTOP-4RAGRB1 with PID 89320 (D:\Sonal-Azure\target\classes started by Dell in D:\Sonal-Azure)
2022-03-04 18:37:37,164 INFO org.springframework.boot.SpringApplication [restartedMain] The following profiles are active: @spring.profiles.active@
2022-03-04 18:37:38,108 INFO org.springframework.boot.web.embedded.tomcat.TomcatWebServer [restartedMain] Tomcat initialized with port(s): 8082 (http)
2022-03-04 18:37:38,109 INFO org.apache.juli.logging.DirectJDKLog [restartedMain] Starting service [Tomcat]
2022-03-04 18:37:38,110 INFO org.apache.juli.logging.DirectJDKLog [restartedMain] Starting Servlet engine: [Apache Tomcat/9.0.46]
2022-03-04 18:37:38,165 INFO org.apache.juli.logging.DirectJDKLog [restartedMain] Initializing Spring embedded WebApplicationContext
2022-03-04 18:37:38,166 INFO org.springframework.boot.web.servlet.context.ServletWebServerApplicationContext [restartedMain] Root WebApplicationContext: initialization completed in 991 ms
2022-03-04 18:37:38,724 INFO org.springframework.scheduling.concurrent.ExecutorConfigurationSupport [restartedMain] Initializing ExecutorService 'applicationTaskExecutor'
2022-03-04 18:37:38,882 INFO org.springframework.boot.autoconfigure.security.servlet.UserDetailsServiceAutoConfiguration [restartedMain] 

Using generated security password: f6c0b01e-a94e-4850-8490-4eb38bbef72c

2022-03-04 18:37:38,911 INFO org.springframework.boot.actuate.endpoint.web.EndpointLinksResolver [restartedMain] Exposing 1 endpoint(s) beneath base path '/actuator'
2022-03-04 18:37:38,920 INFO org.springframework.security.web.DefaultSecurityFilterChain [restartedMain] Will secure any request with [org.springframework.security.web.context.request.async.WebAsyncManagerIntegrationFilter@3190405a, org.springframework.security.web.context.SecurityContextPersistenceFilter@75e715ed, org.springframework.security.web.header.HeaderWriterFilter@1be1e794, org.springframework.web.filter.CorsFilter@e493cd2, org.springframework.security.web.csrf.CsrfFilter@32e4fd2d, org.springframework.security.web.authentication.logout.LogoutFilter@30152c9b, org.springframework.security.web.authentication.UsernamePasswordAuthenticationFilter@6a6d4230, org.springframework.security.web.authentication.ui.DefaultLoginPageGeneratingFilter@4402a30b, org.springframework.security.web.authentication.ui.DefaultLogoutPageGeneratingFilter@eb583e9, org.springframework.security.web.authentication.www.BasicAuthenticationFilter@2b0252ab, org.springframework.security.web.savedrequest.RequestCacheAwareFilter@75302a78, org.springframework.security.web.servletapi.SecurityContextHolderAwareRequestFilter@61f9ae0d, org.springframework.security.web.authentication.AnonymousAuthenticationFilter@371b0f9e, org.springframework.security.web.session.SessionManagementFilter@60ff914a, org.springframework.security.web.access.ExceptionTranslationFilter@8a10edf, org.springframework.security.web.access.intercept.FilterSecurityInterceptor@63896a66]
2022-03-04 18:37:38,951 WARN org.springframework.boot.devtools.autoconfigure.OptionalLiveReloadServer [restartedMain] Unable to start LiveReload server
2022-03-04 18:37:38,980 INFO org.springframework.boot.web.embedded.tomcat.TomcatWebServer [restartedMain] Tomcat started on port(s): 8082 (http) with context path ''
2022-03-04 18:37:38,998 INFO org.springframework.boot.StartupInfoLogger [restartedMain] Started LetterOfCreditApplication in 1.897 seconds (JVM running for 337.273)
2022-03-04 18:37:39,000 INFO org.springframework.boot.availability.ApplicationAvailabilityBean [restartedMain] Application availability state LivenessState changed to CORRECT
2022-03-04 18:37:39,008 INFO org.springframework.boot.devtools.autoconfigure.ConditionEvaluationDeltaLoggingListener [restartedMain] Condition evaluation unchanged
2022-03-04 18:37:39,013 INFO org.springframework.boot.availability.ApplicationAvailabilityBean [restartedMain] Application availability state ReadinessState changed to ACCEPTING_TRAFFIC
2022-03-04 18:37:48,778 INFO org.springframework.boot.availability.ApplicationAvailabilityBean [Thread-16] Application availability state ReadinessState changed from ACCEPTING_TRAFFIC to REFUSING_TRAFFIC
2022-03-04 18:37:48,914 INFO org.springframework.scheduling.concurrent.ExecutorConfigurationSupport [Thread-16] Shutting down ExecutorService 'applicationTaskExecutor'
2022-03-04 18:37:49,050 INFO org.springframework.boot.StartupInfoLogger [restartedMain] Starting LetterOfCreditApplication using Java 11.0.2 on DESKTOP-4RAGRB1 with PID 89320 (D:\Sonal-Azure\target\classes started by Dell in D:\Sonal-Azure)
2022-03-04 18:37:49,050 INFO org.springframework.boot.SpringApplication [restartedMain] The following profiles are active: @spring.profiles.active@
2022-03-04 18:37:49,888 INFO org.springframework.boot.web.embedded.tomcat.TomcatWebServer [restartedMain] Tomcat initialized with port(s): 8082 (http)
2022-03-04 18:37:49,889 INFO org.apache.juli.logging.DirectJDKLog [restartedMain] Starting service [Tomcat]
2022-03-04 18:37:49,890 INFO org.apache.juli.logging.DirectJDKLog [restartedMain] Starting Servlet engine: [Apache Tomcat/9.0.46]
2022-03-04 18:37:49,958 INFO org.apache.juli.logging.DirectJDKLog [restartedMain] Initializing Spring embedded WebApplicationContext
2022-03-04 18:37:49,959 INFO org.springframework.boot.web.servlet.context.ServletWebServerApplicationContext [restartedMain] Root WebApplicationContext: initialization completed in 904 ms
2022-03-04 18:37:50,108 INFO org.springframework.scheduling.concurrent.ExecutorConfigurationSupport [restartedMain] Initializing ExecutorService 'applicationTaskExecutor'
2022-03-04 18:37:50,199 INFO org.springframework.boot.autoconfigure.security.servlet.UserDetailsServiceAutoConfiguration [restartedMain] 

Using generated security password: a6a44801-c6c2-4fdf-8e53-2f6c2a07dbaf

2022-03-04 18:37:50,210 INFO org.springframework.boot.actuate.endpoint.web.EndpointLinksResolver [restartedMain] Exposing 1 endpoint(s) beneath base path '/actuator'
2022-03-04 18:37:50,215 INFO org.springframework.security.web.DefaultSecurityFilterChain [restartedMain] Will secure any request with [org.springframework.security.web.context.request.async.WebAsyncManagerIntegrationFilter@37ec887e, org.springframework.security.web.context.SecurityContextPersistenceFilter@3d9e0a4a, org.springframework.security.web.header.HeaderWriterFilter@681ea5b9, org.springframework.web.filter.CorsFilter@59b6a58b, org.springframework.security.web.csrf.CsrfFilter@4ea1b959, org.springframework.security.web.authentication.logout.LogoutFilter@649ca574, org.springframework.security.web.authentication.UsernamePasswordAuthenticationFilter@4725d3a8, org.springframework.security.web.authentication.ui.DefaultLoginPageGeneratingFilter@2a1d012d, org.springframework.security.web.authentication.ui.DefaultLogoutPageGeneratingFilter@30679586, org.springframework.security.web.authentication.www.BasicAuthenticationFilter@19d3f761, org.springframework.security.web.savedrequest.RequestCacheAwareFilter@7a368f2d, org.springframework.security.web.servletapi.SecurityContextHolderAwareRequestFilter@6718debf, org.springframework.security.web.authentication.AnonymousAuthenticationFilter@36091414, org.springframework.security.web.session.SessionManagementFilter@7eb61fb4, org.springframework.security.web.access.ExceptionTranslationFilter@52c2a5b9, org.springframework.security.web.access.intercept.FilterSecurityInterceptor@318d6269]
2022-03-04 18:37:50,239 WARN org.springframework.boot.devtools.autoconfigure.OptionalLiveReloadServer [restartedMain] Unable to start LiveReload server
2022-03-04 18:37:50,298 INFO org.springframework.boot.web.embedded.tomcat.TomcatWebServer [restartedMain] Tomcat started on port(s): 8082 (http) with context path ''
2022-03-04 18:37:50,307 INFO org.springframework.boot.StartupInfoLogger [restartedMain] Started LetterOfCreditApplication in 1.313 seconds (JVM running for 348.583)
2022-03-04 18:37:50,308 INFO org.springframework.boot.availability.ApplicationAvailabilityBean [restartedMain] Application availability state LivenessState changed to CORRECT
2022-03-04 18:37:50,311 INFO org.springframework.boot.devtools.autoconfigure.ConditionEvaluationDeltaLoggingListener [restartedMain] Condition evaluation unchanged
2022-03-04 18:37:50,312 INFO org.springframework.boot.availability.ApplicationAvailabilityBean [restartedMain] Application availability state ReadinessState changed to ACCEPTING_TRAFFIC
2022-03-04 18:37:51,797 INFO org.springframework.boot.availability.ApplicationAvailabilityBean [Thread-21] Application availability state ReadinessState changed from ACCEPTING_TRAFFIC to REFUSING_TRAFFIC
2022-03-04 18:37:51,895 INFO org.springframework.scheduling.concurrent.ExecutorConfigurationSupport [Thread-21] Shutting down ExecutorService 'applicationTaskExecutor'
2022-03-04 18:37:52,008 INFO org.springframework.boot.StartupInfoLogger [restartedMain] Starting LetterOfCreditApplication using Java 11.0.2 on DESKTOP-4RAGRB1 with PID 89320 (D:\Sonal-Azure\target\classes started by Dell in D:\Sonal-Azure)
2022-03-04 18:37:52,008 INFO org.springframework.boot.SpringApplication [restartedMain] The following profiles are active: @spring.profiles.active@
2022-03-04 18:37:52,585 INFO org.springframework.boot.web.embedded.tomcat.TomcatWebServer [restartedMain] Tomcat initialized with port(s): 8082 (http)
2022-03-04 18:37:52,587 INFO org.apache.juli.logging.DirectJDKLog [restartedMain] Starting service [Tomcat]
2022-03-04 18:37:52,587 INFO org.apache.juli.logging.DirectJDKLog [restartedMain] Starting Servlet engine: [Apache Tomcat/9.0.46]
2022-03-04 18:37:52,635 INFO org.apache.juli.logging.DirectJDKLog [restartedMain] Initializing Spring embedded WebApplicationContext
2022-03-04 18:37:52,635 INFO org.springframework.boot.web.servlet.context.ServletWebServerApplicationContext [restartedMain] Root WebApplicationContext: initialization completed in 622 ms
2022-03-04 18:37:52,779 INFO org.springframework.scheduling.concurrent.ExecutorConfigurationSupport [restartedMain] Initializing ExecutorService 'applicationTaskExecutor'
2022-03-04 18:37:52,858 INFO org.springframework.boot.autoconfigure.security.servlet.UserDetailsServiceAutoConfiguration [restartedMain] 

Using generated security password: 106defce-5649-4feb-93f4-b0d4e9a08968

2022-03-04 18:37:52,868 INFO org.springframework.boot.actuate.endpoint.web.EndpointLinksResolver [restartedMain] Exposing 1 endpoint(s) beneath base path '/actuator'
2022-03-04 18:37:52,872 INFO org.springframework.security.web.DefaultSecurityFilterChain [restartedMain] Will secure any request with [org.springframework.security.web.context.request.async.WebAsyncManagerIntegrationFilter@9560bbc, org.springframework.security.web.context.SecurityContextPersistenceFilter@4be45c53, org.springframework.security.web.header.HeaderWriterFilter@2c17a93d, org.springframework.web.filter.CorsFilter@4c11616a, org.springframework.security.web.csrf.CsrfFilter@1499952, org.springframework.security.web.authentication.logout.LogoutFilter@6c2f31a, org.springframework.security.web.authentication.UsernamePasswordAuthenticationFilter@2b79ee4, org.springframework.security.web.authentication.ui.DefaultLoginPageGeneratingFilter@582c307f, org.springframework.security.web.authentication.ui.DefaultLogoutPageGeneratingFilter@72ef96b2, org.springframework.security.web.authentication.www.BasicAuthenticationFilter@403b01ba, org.springframework.security.web.savedrequest.RequestCacheAwareFilter@2eae03ce, org.springframework.security.web.servletapi.SecurityContextHolderAwareRequestFilter@3f611967, org.springframework.security.web.authentication.AnonymousAuthenticationFilter@6a416f84, org.springframework.security.web.session.SessionManagementFilter@6aad6dd, org.springframework.security.web.access.ExceptionTranslationFilter@58e7a908, org.springframework.security.web.access.intercept.FilterSecurityInterceptor@6d487ee]
2022-03-04 18:37:52,885 WARN org.springframework.boot.devtools.autoconfigure.OptionalLiveReloadServer [restartedMain] Unable to start LiveReload server
2022-03-04 18:37:52,898 INFO org.springframework.boot.web.embedded.tomcat.TomcatWebServer [restartedMain] Tomcat started on port(s): 8082 (http) with context path ''
2022-03-04 18:37:52,908 INFO org.springframework.boot.StartupInfoLogger [restartedMain] Started LetterOfCreditApplication in 0.938 seconds (JVM running for 351.183)
2022-03-04 18:37:52,909 INFO org.springframework.boot.availability.ApplicationAvailabilityBean [restartedMain] Application availability state LivenessState changed to CORRECT
2022-03-04 18:37:52,911 INFO org.springframework.boot.devtools.autoconfigure.ConditionEvaluationDeltaLoggingListener [restartedMain] Condition evaluation unchanged
2022-03-04 18:37:52,912 INFO org.springframework.boot.availability.ApplicationAvailabilityBean [restartedMain] Application availability state ReadinessState changed to ACCEPTING_TRAFFIC
2022-03-04 18:38:12,537 INFO org.springframework.boot.StartupInfoLogger [restartedMain] Starting LetterOfCreditApplication using Java 11.0.2 on DESKTOP-4RAGRB1 with PID 33168 (D:\Sonal-Azure\target\classes started by Dell in D:\Sonal-Azure)
2022-03-04 18:38:12,543 INFO org.springframework.boot.SpringApplication [restartedMain] The following profiles are active: @spring.profiles.active@
2022-03-04 18:38:12,545 INFO org.hibernate.validator.internal.util.Version [background-preinit] HV000001: Hibernate Validator 6.2.0.Final
2022-03-04 18:38:12,622 INFO org.springframework.boot.logging.DeferredLog [restartedMain] Devtools property defaults active! Set 'spring.devtools.add-properties' to 'false' to disable
2022-03-04 18:38:12,623 INFO org.springframework.boot.logging.DeferredLog [restartedMain] For additional web related logging consider setting the 'logging.level.web' property to 'DEBUG'
2022-03-04 18:38:15,934 INFO org.springframework.boot.web.embedded.tomcat.TomcatWebServer [restartedMain] Tomcat initialized with port(s): 8082 (http)
2022-03-04 18:38:15,955 INFO org.apache.juli.logging.DirectJDKLog [restartedMain] Initializing ProtocolHandler ["http-nio-8082"]
2022-03-04 18:38:15,956 INFO org.apache.juli.logging.DirectJDKLog [restartedMain] Starting service [Tomcat]
2022-03-04 18:38:15,957 INFO org.apache.juli.logging.DirectJDKLog [restartedMain] Starting Servlet engine: [Apache Tomcat/9.0.46]
2022-03-04 18:38:16,119 INFO org.apache.juli.logging.DirectJDKLog [restartedMain] Initializing Spring embedded WebApplicationContext
2022-03-04 18:38:16,120 INFO org.springframework.boot.web.servlet.context.ServletWebServerApplicationContext [restartedMain] Root WebApplicationContext: initialization completed in 3493 ms
2022-03-04 18:38:16,712 INFO org.springframework.scheduling.concurrent.ExecutorConfigurationSupport [restartedMain] Initializing ExecutorService 'applicationTaskExecutor'
2022-03-04 18:38:16,998 INFO org.springframework.boot.autoconfigure.security.servlet.UserDetailsServiceAutoConfiguration [restartedMain] 

Using generated security password: cf0ea5b2-597a-49f8-9a8e-8d727aba9227

2022-03-04 18:38:17,167 INFO org.springframework.security.web.DefaultSecurityFilterChain [restartedMain] Will secure any request with [org.springframework.security.web.context.request.async.WebAsyncManagerIntegrationFilter@1e569b9d, org.springframework.security.web.context.SecurityContextPersistenceFilter@314386d3, org.springframework.security.web.header.HeaderWriterFilter@5e1c3212, org.springframework.security.web.csrf.CsrfFilter@1d9e6cb7, org.springframework.security.web.authentication.logout.LogoutFilter@1b0f0e25, org.springframework.security.web.authentication.UsernamePasswordAuthenticationFilter@27823bf5, org.springframework.security.web.authentication.ui.DefaultLoginPageGeneratingFilter@40c2f591, org.springframework.security.web.authentication.ui.DefaultLogoutPageGeneratingFilter@53602d5d, org.springframework.security.web.authentication.www.BasicAuthenticationFilter@29a7f561, org.springframework.security.web.savedrequest.RequestCacheAwareFilter@2cccff2b, org.springframework.security.web.servletapi.SecurityContextHolderAwareRequestFilter@5e914aa7, org.springframework.security.web.authentication.AnonymousAuthenticationFilter@45fac6ad, org.springframework.security.web.session.SessionManagementFilter@1f9507d8, org.springframework.security.web.access.ExceptionTranslationFilter@3511595b, org.springframework.security.web.access.intercept.FilterSecurityInterceptor@419fdcf3]
2022-03-04 18:38:17,317 WARN org.springframework.boot.devtools.autoconfigure.OptionalLiveReloadServer [restartedMain] Unable to start LiveReload server
2022-03-04 18:38:17,338 INFO org.apache.juli.logging.DirectJDKLog [restartedMain] Starting ProtocolHandler ["http-nio-8082"]
2022-03-04 18:38:17,368 INFO org.springframework.boot.web.embedded.tomcat.TomcatWebServer [restartedMain] Tomcat started on port(s): 8082 (http) with context path ''
2022-03-04 18:38:17,384 INFO org.springframework.boot.StartupInfoLogger [restartedMain] Started LetterOfCreditApplication in 6.063 seconds (JVM running for 8.569)
2022-03-04 18:38:17,386 INFO org.springframework.boot.availability.ApplicationAvailabilityBean [restartedMain] Application availability state LivenessState changed to CORRECT
2022-03-04 18:38:17,389 INFO org.springframework.boot.availability.ApplicationAvailabilityBean [restartedMain] Application availability state ReadinessState changed to ACCEPTING_TRAFFIC
2022-03-04 18:40:13,004 INFO org.hibernate.validator.internal.util.Version [background-preinit] HV000001: Hibernate Validator 6.2.0.Final
2022-03-04 18:40:13,007 INFO org.springframework.boot.StartupInfoLogger [restartedMain] Starting LetterOfCreditApplication using Java 11.0.2 on DESKTOP-4RAGRB1 with PID 78780 (D:\Sonal-Azure\target\classes started by Dell in D:\Sonal-Azure)
2022-03-04 18:40:13,010 INFO org.springframework.boot.SpringApplication [restartedMain] The following profiles are active: @spring.profiles.active@
2022-03-04 18:40:13,070 INFO org.springframework.boot.logging.DeferredLog [restartedMain] Devtools property defaults active! Set 'spring.devtools.add-properties' to 'false' to disable
2022-03-04 18:40:13,071 INFO org.springframework.boot.logging.DeferredLog [restartedMain] For additional web related logging consider setting the 'logging.level.web' property to 'DEBUG'
2022-03-04 18:40:14,992 INFO org.springframework.boot.web.embedded.tomcat.TomcatWebServer [restartedMain] Tomcat initialized with port(s): 8082 (http)
2022-03-04 18:40:15,009 INFO org.apache.juli.logging.DirectJDKLog [restartedMain] Initializing ProtocolHandler ["http-nio-8082"]
2022-03-04 18:40:15,010 INFO org.apache.juli.logging.DirectJDKLog [restartedMain] Starting service [Tomcat]
2022-03-04 18:40:15,011 INFO org.apache.juli.logging.DirectJDKLog [restartedMain] Starting Servlet engine: [Apache Tomcat/9.0.46]
2022-03-04 18:40:15,178 INFO org.apache.juli.logging.DirectJDKLog [restartedMain] Initializing Spring embedded WebApplicationContext
2022-03-04 18:40:15,178 INFO org.springframework.boot.web.servlet.context.ServletWebServerApplicationContext [restartedMain] Root WebApplicationContext: initialization completed in 2106 ms
2022-03-04 18:40:15,654 INFO org.springframework.scheduling.concurrent.ExecutorConfigurationSupport [restartedMain] Initializing ExecutorService 'applicationTaskExecutor'
2022-03-04 18:40:15,978 WARN org.springframework.boot.devtools.autoconfigure.OptionalLiveReloadServer [restartedMain] Unable to start LiveReload server
2022-03-04 18:40:15,998 INFO org.apache.juli.logging.DirectJDKLog [restartedMain] Starting ProtocolHandler ["http-nio-8082"]
2022-03-04 18:40:16,032 INFO org.springframework.boot.web.embedded.tomcat.TomcatWebServer [restartedMain] Tomcat started on port(s): 8082 (http) with context path ''
2022-03-04 18:40:16,051 INFO org.springframework.boot.StartupInfoLogger [restartedMain] Started LetterOfCreditApplication in 4.017 seconds (JVM running for 4.974)
2022-03-04 18:40:16,053 INFO org.springframework.boot.availability.ApplicationAvailabilityBean [restartedMain] Application availability state LivenessState changed to CORRECT
2022-03-04 18:40:16,064 INFO org.springframework.boot.availability.ApplicationAvailabilityBean [restartedMain] Application availability state ReadinessState changed to ACCEPTING_TRAFFIC
2022-03-04 18:40:29,853 INFO org.apache.juli.logging.DirectJDKLog [http-nio-8082-exec-1] Initializing Spring DispatcherServlet 'dispatcherServlet'
2022-03-04 18:40:29,854 INFO org.springframework.web.servlet.FrameworkServlet [http-nio-8082-exec-1] Initializing Servlet 'dispatcherServlet'
2022-03-04 18:40:29,854 INFO org.springframework.web.servlet.FrameworkServlet [http-nio-8082-exec-1] Completed initialization in 0 ms
2022-03-04 18:45:06,629 WARN org.springframework.web.servlet.handler.AbstractHandlerExceptionResolver [http-nio-8082-exec-3] Resolved [azure.loc.exception.ResourceNotFoundException: null]
2022-03-04 18:45:47,975 INFO org.hibernate.validator.internal.util.Version [background-preinit] HV000001: Hibernate Validator 6.2.0.Final
2022-03-04 18:45:47,984 INFO org.springframework.boot.StartupInfoLogger [restartedMain] Starting LetterOfCreditApplication using Java 11.0.2 on DESKTOP-4RAGRB1 with PID 48916 (D:\Sonal-Azure\target\classes started by Dell in D:\Sonal-Azure)
2022-03-04 18:45:47,987 INFO org.springframework.boot.SpringApplication [restartedMain] The following profiles are active: @spring.profiles.active@
2022-03-04 18:45:48,064 INFO org.springframework.boot.logging.DeferredLog [restartedMain] Devtools property defaults active! Set 'spring.devtools.add-properties' to 'false' to disable
2022-03-04 18:45:48,064 INFO org.springframework.boot.logging.DeferredLog [restartedMain] For additional web related logging consider setting the 'logging.level.web' property to 'DEBUG'
2022-03-04 18:45:49,759 INFO org.springframework.boot.web.embedded.tomcat.TomcatWebServer [restartedMain] Tomcat initialized with port(s): 8082 (http)
2022-03-04 18:45:49,777 INFO org.apache.juli.logging.DirectJDKLog [restartedMain] Initializing ProtocolHandler ["http-nio-8082"]
2022-03-04 18:45:49,779 INFO org.apache.juli.logging.DirectJDKLog [restartedMain] Starting service [Tomcat]
2022-03-04 18:45:49,779 INFO org.apache.juli.logging.DirectJDKLog [restartedMain] Starting Servlet engine: [Apache Tomcat/9.0.46]
2022-03-04 18:45:49,921 INFO org.apache.juli.logging.DirectJDKLog [restartedMain] Initializing Spring embedded WebApplicationContext
2022-03-04 18:45:49,921 INFO org.springframework.boot.web.servlet.context.ServletWebServerApplicationContext [restartedMain] Root WebApplicationContext: initialization completed in 1856 ms
2022-03-04 18:45:50,380 INFO org.springframework.scheduling.concurrent.ExecutorConfigurationSupport [restartedMain] Initializing ExecutorService 'applicationTaskExecutor'
2022-03-04 18:45:50,673 WARN org.springframework.boot.devtools.autoconfigure.OptionalLiveReloadServer [restartedMain] Unable to start LiveReload server
2022-03-04 18:45:50,686 INFO org.apache.juli.logging.DirectJDKLog [restartedMain] Starting ProtocolHandler ["http-nio-8082"]
2022-03-04 18:45:50,715 INFO org.springframework.boot.web.embedded.tomcat.TomcatWebServer [restartedMain] Tomcat started on port(s): 8082 (http) with context path ''
2022-03-04 18:45:50,731 INFO org.springframework.boot.StartupInfoLogger [restartedMain] Started LetterOfCreditApplication in 3.571 seconds (JVM running for 4.586)
2022-03-04 18:45:50,733 INFO org.springframework.boot.availability.ApplicationAvailabilityBean [restartedMain] Application availability state LivenessState changed to CORRECT
2022-03-04 18:45:50,737 INFO org.springframework.boot.availability.ApplicationAvailabilityBean [restartedMain] Application availability state ReadinessState changed to ACCEPTING_TRAFFIC
2022-03-04 18:46:04,080 INFO org.apache.juli.logging.DirectJDKLog [http-nio-8082-exec-2] Initializing Spring DispatcherServlet 'dispatcherServlet'
2022-03-04 18:46:04,080 INFO org.springframework.web.servlet.FrameworkServlet [http-nio-8082-exec-2] Initializing Servlet 'dispatcherServlet'
2022-03-04 18:46:04,081 INFO org.springframework.web.servlet.FrameworkServlet [http-nio-8082-exec-2] Completed initialization in 1 ms
2022-03-04 18:48:02,359 WARN org.springframework.web.servlet.handler.AbstractHandlerExceptionResolver [http-nio-8082-exec-2] Resolved [azure.loc.exception.ResourceNotFoundException: null]
2022-03-04 18:48:28,579 INFO org.hibernate.validator.internal.util.Version [background-preinit] HV000001: Hibernate Validator 6.2.0.Final
2022-03-04 18:48:28,579 INFO org.springframework.boot.StartupInfoLogger [restartedMain] Starting LetterOfCreditApplication using Java 11.0.2 on DESKTOP-4RAGRB1 with PID 92292 (D:\Sonal-Azure\target\classes started by Dell in D:\Sonal-Azure)
2022-03-04 18:48:28,584 INFO org.springframework.boot.SpringApplication [restartedMain] The following profiles are active: @spring.profiles.active@
2022-03-04 18:48:28,641 INFO org.springframework.boot.logging.DeferredLog [restartedMain] Devtools property defaults active! Set 'spring.devtools.add-properties' to 'false' to disable
2022-03-04 18:48:28,641 INFO org.springframework.boot.logging.DeferredLog [restartedMain] For additional web related logging consider setting the 'logging.level.web' property to 'DEBUG'
2022-03-04 18:48:30,353 INFO org.springframework.boot.web.embedded.tomcat.TomcatWebServer [restartedMain] Tomcat initialized with port(s): 8082 (http)
2022-03-04 18:48:30,370 INFO org.apache.juli.logging.DirectJDKLog [restartedMain] Initializing ProtocolHandler ["http-nio-8082"]
2022-03-04 18:48:30,371 INFO org.apache.juli.logging.DirectJDKLog [restartedMain] Starting service [Tomcat]
2022-03-04 18:48:30,371 INFO org.apache.juli.logging.DirectJDKLog [restartedMain] Starting Servlet engine: [Apache Tomcat/9.0.46]
2022-03-04 18:48:30,514 INFO org.apache.juli.logging.DirectJDKLog [restartedMain] Initializing Spring embedded WebApplicationContext
2022-03-04 18:48:30,514 INFO org.springframework.boot.web.servlet.context.ServletWebServerApplicationContext [restartedMain] Root WebApplicationContext: initialization completed in 1872 ms
2022-03-04 18:48:30,991 INFO org.springframework.scheduling.concurrent.ExecutorConfigurationSupport [restartedMain] Initializing ExecutorService 'applicationTaskExecutor'
2022-03-04 18:48:31,279 WARN org.springframework.boot.devtools.autoconfigure.OptionalLiveReloadServer [restartedMain] Unable to start LiveReload server
2022-03-04 18:48:31,296 INFO org.apache.juli.logging.DirectJDKLog [restartedMain] Starting ProtocolHandler ["http-nio-8082"]
2022-03-04 18:48:31,326 INFO org.springframework.boot.web.embedded.tomcat.TomcatWebServer [restartedMain] Tomcat started on port(s): 8082 (http) with context path ''
2022-03-04 18:48:31,340 INFO org.springframework.boot.StartupInfoLogger [restartedMain] Started LetterOfCreditApplication in 3.572 seconds (JVM running for 4.541)
2022-03-04 18:48:31,342 INFO org.springframework.boot.availability.ApplicationAvailabilityBean [restartedMain] Application availability state LivenessState changed to CORRECT
2022-03-04 18:48:31,345 INFO org.springframework.boot.availability.ApplicationAvailabilityBean [restartedMain] Application availability state ReadinessState changed to ACCEPTING_TRAFFIC
2022-03-04 18:48:36,172 INFO org.apache.juli.logging.DirectJDKLog [http-nio-8082-exec-1] Initializing Spring DispatcherServlet 'dispatcherServlet'
2022-03-04 18:48:36,172 INFO org.springframework.web.servlet.FrameworkServlet [http-nio-8082-exec-1] Initializing Servlet 'dispatcherServlet'
2022-03-04 18:48:36,173 INFO org.springframework.web.servlet.FrameworkServlet [http-nio-8082-exec-1] Completed initialization in 1 ms
2022-03-04 18:49:31,447 WARN org.springframework.web.servlet.handler.AbstractHandlerExceptionResolver [http-nio-8082-exec-1] Resolved [azure.loc.exception.ResourceNotFoundException: null]
2022-03-04 18:49:34,773 INFO org.springframework.boot.StartupInfoLogger [restartedMain] Starting LetterOfCreditApplication using Java 11.0.2 on DESKTOP-4RAGRB1 with PID 87272 (D:\Sonal-Azure\target\classes started by Dell in D:\Sonal-Azure)
2022-03-04 18:49:34,773 INFO org.hibernate.validator.internal.util.Version [background-preinit] HV000001: Hibernate Validator 6.2.0.Final
2022-03-04 18:49:34,780 INFO org.springframework.boot.SpringApplication [restartedMain] The following profiles are active: @spring.profiles.active@
2022-03-04 18:49:34,854 INFO org.springframework.boot.logging.DeferredLog [restartedMain] Devtools property defaults active! Set 'spring.devtools.add-properties' to 'false' to disable
2022-03-04 18:49:34,855 INFO org.springframework.boot.logging.DeferredLog [restartedMain] For additional web related logging consider setting the 'logging.level.web' property to 'DEBUG'
2022-03-04 18:49:36,666 INFO org.springframework.boot.web.embedded.tomcat.TomcatWebServer [restartedMain] Tomcat initialized with port(s): 8082 (http)
2022-03-04 18:49:36,684 INFO org.apache.juli.logging.DirectJDKLog [restartedMain] Initializing ProtocolHandler ["http-nio-8082"]
2022-03-04 18:49:36,687 INFO org.apache.juli.logging.DirectJDKLog [restartedMain] Starting service [Tomcat]
2022-03-04 18:49:36,687 INFO org.apache.juli.logging.DirectJDKLog [restartedMain] Starting Servlet engine: [Apache Tomcat/9.0.46]
2022-03-04 18:49:36,832 INFO org.apache.juli.logging.DirectJDKLog [restartedMain] Initializing Spring embedded WebApplicationContext
2022-03-04 18:49:36,832 INFO org.springframework.boot.web.servlet.context.ServletWebServerApplicationContext [restartedMain] Root WebApplicationContext: initialization completed in 1976 ms
2022-03-04 18:49:37,216 INFO org.springframework.scheduling.concurrent.ExecutorConfigurationSupport [restartedMain] Initializing ExecutorService 'applicationTaskExecutor'
2022-03-04 18:49:37,434 WARN org.springframework.boot.devtools.autoconfigure.OptionalLiveReloadServer [restartedMain] Unable to start LiveReload server
2022-03-04 18:49:37,445 INFO org.apache.juli.logging.DirectJDKLog [restartedMain] Starting ProtocolHandler ["http-nio-8082"]
2022-03-04 18:49:37,466 INFO org.springframework.boot.web.embedded.tomcat.TomcatWebServer [restartedMain] Tomcat started on port(s): 8082 (http) with context path ''
2022-03-04 18:49:37,480 INFO org.springframework.boot.StartupInfoLogger [restartedMain] Started LetterOfCreditApplication in 3.549 seconds (JVM running for 4.599)
2022-03-04 18:49:37,482 INFO org.springframework.boot.availability.ApplicationAvailabilityBean [restartedMain] Application availability state LivenessState changed to CORRECT
2022-03-04 18:49:37,484 INFO org.springframework.boot.availability.ApplicationAvailabilityBean [restartedMain] Application availability state ReadinessState changed to ACCEPTING_TRAFFIC
2022-03-04 18:51:37,325 INFO org.hibernate.validator.internal.util.Version [background-preinit] HV000001: Hibernate Validator 6.2.0.Final
2022-03-04 18:51:37,325 INFO org.springframework.boot.StartupInfoLogger [restartedMain] Starting LetterOfCreditApplication using Java 11.0.2 on DESKTOP-4RAGRB1 with PID 88256 (D:\Sonal-Azure\target\classes started by Dell in D:\Sonal-Azure)
2022-03-04 18:51:37,331 INFO org.springframework.boot.SpringApplication [restartedMain] The following profiles are active: @spring.profiles.active@
2022-03-04 18:51:37,396 INFO org.springframework.boot.logging.DeferredLog [restartedMain] Devtools property defaults active! Set 'spring.devtools.add-properties' to 'false' to disable
2022-03-04 18:51:37,396 INFO org.springframework.boot.logging.DeferredLog [restartedMain] For additional web related logging consider setting the 'logging.level.web' property to 'DEBUG'
2022-03-04 18:51:39,060 INFO org.springframework.boot.web.embedded.tomcat.TomcatWebServer [restartedMain] Tomcat initialized with port(s): 8082 (http)
2022-03-04 18:51:39,072 INFO org.apache.juli.logging.DirectJDKLog [restartedMain] Initializing ProtocolHandler ["http-nio-8082"]
2022-03-04 18:51:39,073 INFO org.apache.juli.logging.DirectJDKLog [restartedMain] Starting service [Tomcat]
2022-03-04 18:51:39,073 INFO org.apache.juli.logging.DirectJDKLog [restartedMain] Starting Servlet engine: [Apache Tomcat/9.0.46]
2022-03-04 18:51:39,196 INFO org.apache.juli.logging.DirectJDKLog [restartedMain] Initializing Spring embedded WebApplicationContext
2022-03-04 18:51:39,196 INFO org.springframework.boot.web.servlet.context.ServletWebServerApplicationContext [restartedMain] Root WebApplicationContext: initialization completed in 1798 ms
2022-03-04 18:51:39,579 INFO org.springframework.scheduling.concurrent.ExecutorConfigurationSupport [restartedMain] Initializing ExecutorService 'applicationTaskExecutor'
2022-03-04 18:51:39,828 WARN org.springframework.boot.devtools.autoconfigure.OptionalLiveReloadServer [restartedMain] Unable to start LiveReload server
2022-03-04 18:51:39,840 INFO org.apache.juli.logging.DirectJDKLog [restartedMain] Starting ProtocolHandler ["http-nio-8082"]
2022-03-04 18:51:39,864 INFO org.springframework.boot.web.embedded.tomcat.TomcatWebServer [restartedMain] Tomcat started on port(s): 8082 (http) with context path ''
2022-03-04 18:51:39,878 INFO org.springframework.boot.StartupInfoLogger [restartedMain] Started LetterOfCreditApplication in 3.375 seconds (JVM running for 4.472)
2022-03-04 18:51:39,880 INFO org.springframework.boot.availability.ApplicationAvailabilityBean [restartedMain] Application availability state LivenessState changed to CORRECT
2022-03-04 18:51:39,883 INFO org.springframework.boot.availability.ApplicationAvailabilityBean [restartedMain] Application availability state ReadinessState changed to ACCEPTING_TRAFFIC
2022-03-04 18:51:48,709 INFO org.apache.juli.logging.DirectJDKLog [http-nio-8082-exec-2] Initializing Spring DispatcherServlet 'dispatcherServlet'
2022-03-04 18:51:48,709 INFO org.springframework.web.servlet.FrameworkServlet [http-nio-8082-exec-2] Initializing Servlet 'dispatcherServlet'
2022-03-04 18:51:48,711 INFO org.springframework.web.servlet.FrameworkServlet [http-nio-8082-exec-2] Completed initialization in 1 ms
2022-03-04 18:52:18,254 WARN org.springframework.web.servlet.handler.AbstractHandlerExceptionResolver [http-nio-8082-exec-2] Resolved [azure.loc.exception.ResourceNotFoundException: null]
2022-03-04 18:52:25,931 INFO org.springframework.boot.StartupInfoLogger [restartedMain] Starting LetterOfCreditApplication using Java 11.0.2 on DESKTOP-4RAGRB1 with PID 84828 (D:\Sonal-Azure\target\classes started by Dell in D:\Sonal-Azure)
2022-03-04 18:52:25,935 INFO org.springframework.boot.SpringApplication [restartedMain] The following profiles are active: @spring.profiles.active@
2022-03-04 18:52:25,934 INFO org.hibernate.validator.internal.util.Version [background-preinit] HV000001: Hibernate Validator 6.2.0.Final
2022-03-04 18:52:25,996 INFO org.springframework.boot.logging.DeferredLog [restartedMain] Devtools property defaults active! Set 'spring.devtools.add-properties' to 'false' to disable
2022-03-04 18:52:25,996 INFO org.springframework.boot.logging.DeferredLog [restartedMain] For additional web related logging consider setting the 'logging.level.web' property to 'DEBUG'
2022-03-04 18:52:28,012 INFO org.springframework.boot.web.embedded.tomcat.TomcatWebServer [restartedMain] Tomcat initialized with port(s): 8082 (http)
2022-03-04 18:52:28,025 INFO org.apache.juli.logging.DirectJDKLog [restartedMain] Initializing ProtocolHandler ["http-nio-8082"]
2022-03-04 18:52:28,026 INFO org.apache.juli.logging.DirectJDKLog [restartedMain] Starting service [Tomcat]
2022-03-04 18:52:28,027 INFO org.apache.juli.logging.DirectJDKLog [restartedMain] Starting Servlet engine: [Apache Tomcat/9.0.46]
2022-03-04 18:52:28,159 INFO org.apache.juli.logging.DirectJDKLog [restartedMain] Initializing Spring embedded WebApplicationContext
2022-03-04 18:52:28,159 INFO org.springframework.boot.web.servlet.context.ServletWebServerApplicationContext [restartedMain] Root WebApplicationContext: initialization completed in 2162 ms
2022-03-04 18:52:28,702 INFO org.springframework.scheduling.concurrent.ExecutorConfigurationSupport [restartedMain] Initializing ExecutorService 'applicationTaskExecutor'
2022-03-04 18:52:28,998 WARN org.springframework.boot.devtools.autoconfigure.OptionalLiveReloadServer [restartedMain] Unable to start LiveReload server
2022-03-04 18:52:29,017 INFO org.apache.juli.logging.DirectJDKLog [restartedMain] Starting ProtocolHandler ["http-nio-8082"]
2022-03-04 18:52:29,045 INFO org.springframework.boot.web.embedded.tomcat.TomcatWebServer [restartedMain] Tomcat started on port(s): 8082 (http) with context path ''
2022-03-04 18:52:29,061 INFO org.springframework.boot.StartupInfoLogger [restartedMain] Started LetterOfCreditApplication in 4.139 seconds (JVM running for 5.471)
2022-03-04 18:52:29,064 INFO org.springframework.boot.availability.ApplicationAvailabilityBean [restartedMain] Application availability state LivenessState changed to CORRECT
2022-03-04 18:52:29,068 INFO org.springframework.boot.availability.ApplicationAvailabilityBean [restartedMain] Application availability state ReadinessState changed to ACCEPTING_TRAFFIC
2022-03-04 18:52:34,080 INFO org.apache.juli.logging.DirectJDKLog [http-nio-8082-exec-2] Initializing Spring DispatcherServlet 'dispatcherServlet'
2022-03-04 18:52:34,081 INFO org.springframework.web.servlet.FrameworkServlet [http-nio-8082-exec-2] Initializing Servlet 'dispatcherServlet'
2022-03-04 18:52:34,082 INFO org.springframework.web.servlet.FrameworkServlet [http-nio-8082-exec-2] Completed initialization in 1 ms
2022-03-04 18:52:48,945 WARN org.springframework.web.servlet.handler.AbstractHandlerExceptionResolver [http-nio-8082-exec-2] Resolved [azure.loc.exception.ResourceNotFoundException: null]
2022-03-04 18:55:52,805 INFO org.springframework.boot.StartupInfoLogger [restartedMain] Starting LetterOfCreditApplication using Java 11.0.2 on DESKTOP-4RAGRB1 with PID 72132 (D:\Sonal-Azure\target\classes started by Dell in D:\Sonal-Azure)
2022-03-04 18:55:52,802 INFO org.hibernate.validator.internal.util.Version [background-preinit] HV000001: Hibernate Validator 6.2.0.Final
2022-03-04 18:55:52,809 INFO org.springframework.boot.SpringApplication [restartedMain] The following profiles are active: @spring.profiles.active@
2022-03-04 18:55:52,872 INFO org.springframework.boot.logging.DeferredLog [restartedMain] Devtools property defaults active! Set 'spring.devtools.add-properties' to 'false' to disable
2022-03-04 18:55:52,873 INFO org.springframework.boot.logging.DeferredLog [restartedMain] For additional web related logging consider setting the 'logging.level.web' property to 'DEBUG'
2022-03-04 18:55:54,792 INFO org.springframework.boot.web.embedded.tomcat.TomcatWebServer [restartedMain] Tomcat initialized with port(s): 8082 (http)
2022-03-04 18:55:54,813 INFO org.apache.juli.logging.DirectJDKLog [restartedMain] Initializing ProtocolHandler ["http-nio-8082"]
2022-03-04 18:55:54,814 INFO org.apache.juli.logging.DirectJDKLog [restartedMain] Starting service [Tomcat]
2022-03-04 18:55:54,815 INFO org.apache.juli.logging.DirectJDKLog [restartedMain] Starting Servlet engine: [Apache Tomcat/9.0.46]
2022-03-04 18:55:54,991 INFO org.apache.juli.logging.DirectJDKLog [restartedMain] Initializing Spring embedded WebApplicationContext
2022-03-04 18:55:54,992 INFO org.springframework.boot.web.servlet.context.ServletWebServerApplicationContext [restartedMain] Root WebApplicationContext: initialization completed in 2118 ms
2022-03-04 18:55:55,143 INFO org.springframework.beans.factory.annotation.AutowiredAnnotationBeanPostProcessor [restartedMain] Autowired annotation is not supported on static fields: private static azure.loc.remote.WebClientWrapper azure.loc.remote.ServiceHelper.webClientWrapper
2022-03-04 18:55:55,144 INFO org.springframework.beans.factory.annotation.AutowiredAnnotationBeanPostProcessor [restartedMain] Autowired annotation is not supported on static fields: private static java.lang.String azure.loc.remote.ServiceHelper.baseURL
2022-03-04 18:55:55,144 INFO org.springframework.beans.factory.annotation.AutowiredAnnotationBeanPostProcessor [restartedMain] Autowired annotation should only be used on methods with parameters: private synchronized void azure.loc.remote.ServiceHelper.initStatic()
2022-03-04 18:55:55,581 INFO org.springframework.scheduling.concurrent.ExecutorConfigurationSupport [restartedMain] Initializing ExecutorService 'applicationTaskExecutor'
2022-03-04 18:55:55,902 WARN org.springframework.boot.devtools.autoconfigure.OptionalLiveReloadServer [restartedMain] Unable to start LiveReload server
2022-03-04 18:55:55,916 INFO org.apache.juli.logging.DirectJDKLog [restartedMain] Starting ProtocolHandler ["http-nio-8082"]
2022-03-04 18:55:55,949 INFO org.springframework.boot.web.embedded.tomcat.TomcatWebServer [restartedMain] Tomcat started on port(s): 8082 (http) with context path ''
2022-03-04 18:55:55,966 INFO org.springframework.boot.StartupInfoLogger [restartedMain] Started LetterOfCreditApplication in 4.024 seconds (JVM running for 5.283)
2022-03-04 18:55:55,968 INFO org.springframework.boot.availability.ApplicationAvailabilityBean [restartedMain] Application availability state LivenessState changed to CORRECT
2022-03-04 18:55:55,972 INFO org.springframework.boot.availability.ApplicationAvailabilityBean [restartedMain] Application availability state ReadinessState changed to ACCEPTING_TRAFFIC
2022-03-04 18:56:04,406 INFO org.apache.juli.logging.DirectJDKLog [http-nio-8082-exec-2] Initializing Spring DispatcherServlet 'dispatcherServlet'
2022-03-04 18:56:04,406 INFO org.springframework.web.servlet.FrameworkServlet [http-nio-8082-exec-2] Initializing Servlet 'dispatcherServlet'
2022-03-04 18:56:04,408 INFO org.springframework.web.servlet.FrameworkServlet [http-nio-8082-exec-2] Completed initialization in 2 ms
2022-03-04 18:56:43,501 INFO org.hibernate.validator.internal.util.Version [background-preinit] HV000001: Hibernate Validator 6.2.0.Final
2022-03-04 18:56:43,502 INFO org.springframework.boot.StartupInfoLogger [restartedMain] Starting LetterOfCreditApplication using Java 11.0.2 on DESKTOP-4RAGRB1 with PID 55908 (D:\Sonal-Azure\target\classes started by Dell in D:\Sonal-Azure)
2022-03-04 18:56:43,507 INFO org.springframework.boot.SpringApplication [restartedMain] The following profiles are active: @spring.profiles.active@
2022-03-04 18:56:43,573 INFO org.springframework.boot.logging.DeferredLog [restartedMain] Devtools property defaults active! Set 'spring.devtools.add-properties' to 'false' to disable
2022-03-04 18:56:43,574 INFO org.springframework.boot.logging.DeferredLog [restartedMain] For additional web related logging consider setting the 'logging.level.web' property to 'DEBUG'
2022-03-04 18:56:45,407 INFO org.springframework.boot.web.embedded.tomcat.TomcatWebServer [restartedMain] Tomcat initialized with port(s): 8082 (http)
2022-03-04 18:56:45,428 INFO org.apache.juli.logging.DirectJDKLog [restartedMain] Initializing ProtocolHandler ["http-nio-8082"]
2022-03-04 18:56:45,429 INFO org.apache.juli.logging.DirectJDKLog [restartedMain] Starting service [Tomcat]
2022-03-04 18:56:45,430 INFO org.apache.juli.logging.DirectJDKLog [restartedMain] Starting Servlet engine: [Apache Tomcat/9.0.46]
2022-03-04 18:56:45,586 INFO org.apache.juli.logging.DirectJDKLog [restartedMain] Initializing Spring embedded WebApplicationContext
2022-03-04 18:56:45,587 INFO org.springframework.boot.web.servlet.context.ServletWebServerApplicationContext [restartedMain] Root WebApplicationContext: initialization completed in 2012 ms
2022-03-04 18:56:45,721 INFO org.springframework.beans.factory.annotation.AutowiredAnnotationBeanPostProcessor [restartedMain] Autowired annotation is not supported on static fields: private static azure.loc.remote.WebClientWrapper azure.loc.remote.ServiceHelper.webClientWrapper
2022-03-04 18:56:45,722 INFO org.springframework.beans.factory.annotation.AutowiredAnnotationBeanPostProcessor [restartedMain] Autowired annotation is not supported on static fields: private static java.lang.String azure.loc.remote.ServiceHelper.baseURL
2022-03-04 18:56:45,723 INFO org.springframework.beans.factory.annotation.AutowiredAnnotationBeanPostProcessor [restartedMain] Autowired annotation should only be used on methods with parameters: private synchronized void azure.loc.remote.ServiceHelper.initStatic()
2022-03-04 18:56:46,161 INFO org.springframework.scheduling.concurrent.ExecutorConfigurationSupport [restartedMain] Initializing ExecutorService 'applicationTaskExecutor'
2022-03-04 18:56:46,575 WARN org.springframework.boot.devtools.autoconfigure.OptionalLiveReloadServer [restartedMain] Unable to start LiveReload server
2022-03-04 18:56:46,594 INFO org.apache.juli.logging.DirectJDKLog [restartedMain] Starting ProtocolHandler ["http-nio-8082"]
2022-03-04 18:56:46,633 INFO org.springframework.boot.web.embedded.tomcat.TomcatWebServer [restartedMain] Tomcat started on port(s): 8082 (http) with context path ''
2022-03-04 18:56:46,651 INFO org.springframework.boot.StartupInfoLogger [restartedMain] Started LetterOfCreditApplication in 4.149 seconds (JVM running for 5.304)
2022-03-04 18:56:46,654 INFO org.springframework.boot.availability.ApplicationAvailabilityBean [restartedMain] Application availability state LivenessState changed to CORRECT
2022-03-04 18:56:46,658 INFO org.springframework.boot.availability.ApplicationAvailabilityBean [restartedMain] Application availability state ReadinessState changed to ACCEPTING_TRAFFIC
2022-03-04 18:57:00,751 INFO org.hibernate.validator.internal.util.Version [background-preinit] HV000001: Hibernate Validator 6.2.0.Final
2022-03-04 18:57:00,760 INFO org.springframework.boot.StartupInfoLogger [restartedMain] Starting LetterOfCreditApplication using Java 11.0.2 on DESKTOP-4RAGRB1 with PID 90056 (D:\Sonal-Azure\target\classes started by Dell in D:\Sonal-Azure)
2022-03-04 18:57:00,762 INFO org.springframework.boot.SpringApplication [restartedMain] The following profiles are active: @spring.profiles.active@
2022-03-04 18:57:00,823 INFO org.springframework.boot.logging.DeferredLog [restartedMain] Devtools property defaults active! Set 'spring.devtools.add-properties' to 'false' to disable
2022-03-04 18:57:00,824 INFO org.springframework.boot.logging.DeferredLog [restartedMain] For additional web related logging consider setting the 'logging.level.web' property to 'DEBUG'
2022-03-04 18:57:02,698 INFO org.springframework.boot.web.embedded.tomcat.TomcatWebServer [restartedMain] Tomcat initialized with port(s): 8082 (http)
2022-03-04 18:57:02,716 INFO org.apache.juli.logging.DirectJDKLog [restartedMain] Initializing ProtocolHandler ["http-nio-8082"]
2022-03-04 18:57:02,717 INFO org.apache.juli.logging.DirectJDKLog [restartedMain] Starting service [Tomcat]
2022-03-04 18:57:02,718 INFO org.apache.juli.logging.DirectJDKLog [restartedMain] Starting Servlet engine: [Apache Tomcat/9.0.46]
2022-03-04 18:57:02,867 INFO org.apache.juli.logging.DirectJDKLog [restartedMain] Initializing Spring embedded WebApplicationContext
2022-03-04 18:57:02,867 INFO org.springframework.boot.web.servlet.context.ServletWebServerApplicationContext [restartedMain] Root WebApplicationContext: initialization completed in 2043 ms
2022-03-04 18:57:03,008 INFO org.springframework.beans.factory.annotation.AutowiredAnnotationBeanPostProcessor [restartedMain] Autowired annotation is not supported on static fields: private static azure.loc.remote.WebClientWrapper azure.loc.remote.ServiceHelper.webClientWrapper
2022-03-04 18:57:03,009 INFO org.springframework.beans.factory.annotation.AutowiredAnnotationBeanPostProcessor [restartedMain] Autowired annotation is not supported on static fields: private static java.lang.String azure.loc.remote.ServiceHelper.baseURL
2022-03-04 18:57:03,009 INFO org.springframework.beans.factory.annotation.AutowiredAnnotationBeanPostProcessor [restartedMain] Autowired annotation should only be used on methods with parameters: private synchronized void azure.loc.remote.ServiceHelper.initStatic()
2022-03-04 18:57:03,444 INFO org.springframework.scheduling.concurrent.ExecutorConfigurationSupport [restartedMain] Initializing ExecutorService 'applicationTaskExecutor'
2022-03-04 18:57:03,780 WARN org.springframework.boot.devtools.autoconfigure.OptionalLiveReloadServer [restartedMain] Unable to start LiveReload server
2022-03-04 18:57:03,798 INFO org.apache.juli.logging.DirectJDKLog [restartedMain] Starting ProtocolHandler ["http-nio-8082"]
2022-03-04 18:57:03,828 INFO org.springframework.boot.web.embedded.tomcat.TomcatWebServer [restartedMain] Tomcat started on port(s): 8082 (http) with context path ''
2022-03-04 18:57:03,845 INFO org.springframework.boot.StartupInfoLogger [restartedMain] Started LetterOfCreditApplication in 3.942 seconds (JVM running for 5.166)
2022-03-04 18:57:03,848 INFO org.springframework.boot.availability.ApplicationAvailabilityBean [restartedMain] Application availability state LivenessState changed to CORRECT
2022-03-04 18:57:03,854 INFO org.springframework.boot.availability.ApplicationAvailabilityBean [restartedMain] Application availability state ReadinessState changed to ACCEPTING_TRAFFIC
2022-03-04 18:57:09,534 INFO org.apache.juli.logging.DirectJDKLog [http-nio-8082-exec-1] Initializing Spring DispatcherServlet 'dispatcherServlet'
2022-03-04 18:57:09,535 INFO org.springframework.web.servlet.FrameworkServlet [http-nio-8082-exec-1] Initializing Servlet 'dispatcherServlet'
2022-03-04 18:57:09,536 INFO org.springframework.web.servlet.FrameworkServlet [http-nio-8082-exec-1] Completed initialization in 1 ms
2022-03-04 18:57:20,791 WARN org.springframework.web.servlet.handler.AbstractHandlerExceptionResolver [http-nio-8082-exec-1] Resolved [azure.loc.exception.ResourceNotFoundException: URI must not be null]
2022-03-04 18:57:39,367 INFO org.hibernate.validator.internal.util.Version [background-preinit] HV000001: Hibernate Validator 6.2.0.Final
2022-03-04 18:57:39,373 INFO org.springframework.boot.StartupInfoLogger [restartedMain] Starting LetterOfCreditApplication using Java 11.0.2 on DESKTOP-4RAGRB1 with PID 50640 (D:\Sonal-Azure\target\classes started by Dell in D:\Sonal-Azure)
2022-03-04 18:57:39,375 INFO org.springframework.boot.SpringApplication [restartedMain] The following profiles are active: @spring.profiles.active@
2022-03-04 18:57:39,435 INFO org.springframework.boot.logging.DeferredLog [restartedMain] Devtools property defaults active! Set 'spring.devtools.add-properties' to 'false' to disable
2022-03-04 18:57:39,436 INFO org.springframework.boot.logging.DeferredLog [restartedMain] For additional web related logging consider setting the 'logging.level.web' property to 'DEBUG'
2022-03-04 18:57:41,299 INFO org.springframework.boot.web.embedded.tomcat.TomcatWebServer [restartedMain] Tomcat initialized with port(s): 8082 (http)
2022-03-04 18:57:41,317 INFO org.apache.juli.logging.DirectJDKLog [restartedMain] Initializing ProtocolHandler ["http-nio-8082"]
2022-03-04 18:57:41,318 INFO org.apache.juli.logging.DirectJDKLog [restartedMain] Starting service [Tomcat]
2022-03-04 18:57:41,318 INFO org.apache.juli.logging.DirectJDKLog [restartedMain] Starting Servlet engine: [Apache Tomcat/9.0.46]
2022-03-04 18:57:41,454 INFO org.apache.juli.logging.DirectJDKLog [restartedMain] Initializing Spring embedded WebApplicationContext
2022-03-04 18:57:41,455 INFO org.springframework.boot.web.servlet.context.ServletWebServerApplicationContext [restartedMain] Root WebApplicationContext: initialization completed in 2018 ms
2022-03-04 18:57:41,562 INFO org.springframework.beans.factory.annotation.AutowiredAnnotationBeanPostProcessor [restartedMain] Autowired annotation is not supported on static fields: private static azure.loc.remote.WebClientWrapper azure.loc.remote.ServiceHelper.webClientWrapper
2022-03-04 18:57:41,563 INFO org.springframework.beans.factory.annotation.AutowiredAnnotationBeanPostProcessor [restartedMain] Autowired annotation is not supported on static fields: private static java.lang.String azure.loc.remote.ServiceHelper.baseURL
2022-03-04 18:57:41,564 INFO org.springframework.beans.factory.annotation.AutowiredAnnotationBeanPostProcessor [restartedMain] Autowired annotation should only be used on methods with parameters: private synchronized void azure.loc.remote.ServiceHelper.initStatic()
2022-03-04 18:57:41,900 INFO org.springframework.scheduling.concurrent.ExecutorConfigurationSupport [restartedMain] Initializing ExecutorService 'applicationTaskExecutor'
2022-03-04 18:57:42,352 WARN org.springframework.boot.devtools.autoconfigure.OptionalLiveReloadServer [restartedMain] Unable to start LiveReload server
2022-03-04 18:57:42,370 INFO org.apache.juli.logging.DirectJDKLog [restartedMain] Starting ProtocolHandler ["http-nio-8082"]
2022-03-04 18:57:42,402 INFO org.springframework.boot.web.embedded.tomcat.TomcatWebServer [restartedMain] Tomcat started on port(s): 8082 (http) with context path ''
2022-03-04 18:57:42,419 INFO org.springframework.boot.StartupInfoLogger [restartedMain] Started LetterOfCreditApplication in 3.831 seconds (JVM running for 4.861)
2022-03-04 18:57:42,421 INFO org.springframework.boot.availability.ApplicationAvailabilityBean [restartedMain] Application availability state LivenessState changed to CORRECT
2022-03-04 18:57:42,425 INFO org.springframework.boot.availability.ApplicationAvailabilityBean [restartedMain] Application availability state ReadinessState changed to ACCEPTING_TRAFFIC
2022-03-04 18:57:47,488 INFO org.apache.juli.logging.DirectJDKLog [http-nio-8082-exec-1] Initializing Spring DispatcherServlet 'dispatcherServlet'
2022-03-04 18:57:47,488 INFO org.springframework.web.servlet.FrameworkServlet [http-nio-8082-exec-1] Initializing Servlet 'dispatcherServlet'
2022-03-04 18:57:47,489 INFO org.springframework.web.servlet.FrameworkServlet [http-nio-8082-exec-1] Completed initialization in 1 ms
2022-03-04 19:00:05,599 WARN org.springframework.web.servlet.handler.AbstractHandlerExceptionResolver [http-nio-8082-exec-1] Resolved [azure.loc.exception.ResourceNotFoundException: URI must not be null]
2022-03-04 19:11:57,187 INFO org.hibernate.validator.internal.util.Version [background-preinit] HV000001: Hibernate Validator 6.2.0.Final
2022-03-04 19:11:57,192 INFO org.springframework.boot.StartupInfoLogger [restartedMain] Starting LetterOfCreditApplication using Java 11.0.2 on DESKTOP-4RAGRB1 with PID 65500 (D:\Sonal-Azure\target\classes started by Dell in D:\Sonal-Azure)
2022-03-04 19:11:57,194 INFO org.springframework.boot.SpringApplication [restartedMain] The following profiles are active: @spring.profiles.active@
2022-03-04 19:11:57,256 INFO org.springframework.boot.logging.DeferredLog [restartedMain] Devtools property defaults active! Set 'spring.devtools.add-properties' to 'false' to disable
2022-03-04 19:11:57,256 INFO org.springframework.boot.logging.DeferredLog [restartedMain] For additional web related logging consider setting the 'logging.level.web' property to 'DEBUG'
2022-03-04 19:11:59,103 INFO org.springframework.boot.web.embedded.tomcat.TomcatWebServer [restartedMain] Tomcat initialized with port(s): 8082 (http)
2022-03-04 19:11:59,118 INFO org.apache.juli.logging.DirectJDKLog [restartedMain] Initializing ProtocolHandler ["http-nio-8082"]
2022-03-04 19:11:59,119 INFO org.apache.juli.logging.DirectJDKLog [restartedMain] Starting service [Tomcat]
2022-03-04 19:11:59,120 INFO org.apache.juli.logging.DirectJDKLog [restartedMain] Starting Servlet engine: [Apache Tomcat/9.0.46]
2022-03-04 19:11:59,274 INFO org.apache.juli.logging.DirectJDKLog [restartedMain] Initializing Spring embedded WebApplicationContext
2022-03-04 19:11:59,274 INFO org.springframework.boot.web.servlet.context.ServletWebServerApplicationContext [restartedMain] Root WebApplicationContext: initialization completed in 2017 ms
2022-03-04 19:11:59,464 INFO org.springframework.beans.factory.annotation.AutowiredAnnotationBeanPostProcessor [restartedMain] Autowired annotation is not supported on static fields: private static azure.loc.remote.WebClientWrapper azure.loc.remote.ServiceHelper.webClientWrapper
2022-03-04 19:11:59,467 INFO org.springframework.beans.factory.annotation.AutowiredAnnotationBeanPostProcessor [restartedMain] Autowired annotation should only be used on methods with parameters: private synchronized void azure.loc.remote.ServiceHelper.initStatic()
2022-03-04 19:12:57,899 INFO org.springframework.scheduling.concurrent.ExecutorConfigurationSupport [restartedMain] Initializing ExecutorService 'applicationTaskExecutor'
2022-03-04 19:12:59,203 WARN org.springframework.boot.devtools.autoconfigure.OptionalLiveReloadServer [restartedMain] Unable to start LiveReload server
2022-03-04 19:12:59,343 INFO org.apache.juli.logging.DirectJDKLog [restartedMain] Starting ProtocolHandler ["http-nio-8082"]
2022-03-04 19:12:59,418 INFO org.springframework.boot.web.embedded.tomcat.TomcatWebServer [restartedMain] Tomcat started on port(s): 8082 (http) with context path ''
2022-03-04 19:12:59,528 INFO org.springframework.boot.StartupInfoLogger [restartedMain] Started LetterOfCreditApplication in 63.172 seconds (JVM running for 64.409)
2022-03-04 19:12:59,534 INFO org.springframework.boot.availability.ApplicationAvailabilityBean [restartedMain] Application availability state LivenessState changed to CORRECT
2022-03-04 19:12:59,550 INFO org.springframework.boot.availability.ApplicationAvailabilityBean [restartedMain] Application availability state ReadinessState changed to ACCEPTING_TRAFFIC
2022-03-04 19:13:01,467 INFO org.apache.juli.logging.DirectJDKLog [http-nio-8082-exec-3] Initializing Spring DispatcherServlet 'dispatcherServlet'
2022-03-04 19:13:01,468 INFO org.springframework.web.servlet.FrameworkServlet [http-nio-8082-exec-3] Initializing Servlet 'dispatcherServlet'
2022-03-04 19:13:01,488 INFO org.springframework.web.servlet.FrameworkServlet [http-nio-8082-exec-3] Completed initialization in 19 ms
2022-03-04 19:15:38,987 INFO org.hibernate.validator.internal.util.Version [background-preinit] HV000001: Hibernate Validator 6.2.0.Final
2022-03-04 19:15:39,025 INFO org.springframework.boot.StartupInfoLogger [restartedMain] Starting LetterOfCreditApplication using Java 11.0.2 on DESKTOP-4RAGRB1 with PID 87980 (D:\Sonal-Azure\target\classes started by Dell in D:\Sonal-Azure)
2022-03-04 19:15:39,027 INFO org.springframework.boot.SpringApplication [restartedMain] The following profiles are active: @spring.profiles.active@
2022-03-04 19:15:39,135 INFO org.springframework.boot.logging.DeferredLog [restartedMain] Devtools property defaults active! Set 'spring.devtools.add-properties' to 'false' to disable
2022-03-04 19:15:39,135 INFO org.springframework.boot.logging.DeferredLog [restartedMain] For additional web related logging consider setting the 'logging.level.web' property to 'DEBUG'
2022-03-04 19:15:41,290 INFO org.springframework.boot.web.embedded.tomcat.TomcatWebServer [restartedMain] Tomcat initialized with port(s): 8082 (http)
2022-03-04 19:15:41,308 INFO org.apache.juli.logging.DirectJDKLog [restartedMain] Initializing ProtocolHandler ["http-nio-8082"]
2022-03-04 19:15:41,309 INFO org.apache.juli.logging.DirectJDKLog [restartedMain] Starting service [Tomcat]
2022-03-04 19:15:41,309 INFO org.apache.juli.logging.DirectJDKLog [restartedMain] Starting Servlet engine: [Apache Tomcat/9.0.46]
2022-03-04 19:15:41,459 INFO org.apache.juli.logging.DirectJDKLog [restartedMain] Initializing Spring embedded WebApplicationContext
2022-03-04 19:15:41,459 INFO org.springframework.boot.web.servlet.context.ServletWebServerApplicationContext [restartedMain] Root WebApplicationContext: initialization completed in 2322 ms
2022-03-04 19:15:41,609 INFO org.springframework.beans.factory.annotation.AutowiredAnnotationBeanPostProcessor [restartedMain] Autowired annotation is not supported on static fields: private static azure.loc.remote.WebClientWrapper azure.loc.remote.ServiceHelper.webClientWrapper
2022-03-04 19:15:41,611 INFO org.springframework.beans.factory.annotation.AutowiredAnnotationBeanPostProcessor [restartedMain] Autowired annotation should only be used on methods with parameters: private synchronized void azure.loc.remote.ServiceHelper.initStatic()
2022-03-04 19:15:46,937 INFO org.springframework.scheduling.concurrent.ExecutorConfigurationSupport [restartedMain] Initializing ExecutorService 'applicationTaskExecutor'
2022-03-04 19:15:48,197 WARN org.springframework.boot.devtools.autoconfigure.OptionalLiveReloadServer [restartedMain] Unable to start LiveReload server
2022-03-04 19:15:48,363 INFO org.apache.juli.logging.DirectJDKLog [restartedMain] Starting ProtocolHandler ["http-nio-8082"]
2022-03-04 19:15:48,425 INFO org.springframework.boot.web.embedded.tomcat.TomcatWebServer [restartedMain] Tomcat started on port(s): 8082 (http) with context path ''
2022-03-04 19:15:48,529 INFO org.springframework.boot.StartupInfoLogger [restartedMain] Started LetterOfCreditApplication in 10.383 seconds (JVM running for 11.578)
2022-03-04 19:15:48,535 INFO org.springframework.boot.availability.ApplicationAvailabilityBean [restartedMain] Application availability state LivenessState changed to CORRECT
2022-03-04 19:15:48,551 INFO org.springframework.boot.availability.ApplicationAvailabilityBean [restartedMain] Application availability state ReadinessState changed to ACCEPTING_TRAFFIC
2022-03-04 19:15:57,532 INFO org.apache.juli.logging.DirectJDKLog [http-nio-8082-exec-1] Initializing Spring DispatcherServlet 'dispatcherServlet'
2022-03-04 19:15:57,533 INFO org.springframework.web.servlet.FrameworkServlet [http-nio-8082-exec-1] Initializing Servlet 'dispatcherServlet'
2022-03-04 19:15:57,552 INFO org.springframework.web.servlet.FrameworkServlet [http-nio-8082-exec-1] Completed initialization in 18 ms
2022-03-04 19:18:54,166 INFO org.hibernate.validator.internal.util.Version [background-preinit] HV000001: Hibernate Validator 6.2.0.Final
2022-03-04 19:18:54,165 INFO org.springframework.boot.StartupInfoLogger [restartedMain] Starting LetterOfCreditApplication using Java 11.0.2 on DESKTOP-4RAGRB1 with PID 74508 (D:\Sonal-Azure\target\classes started by Dell in D:\Sonal-Azure)
2022-03-04 19:18:54,170 INFO org.springframework.boot.SpringApplication [restartedMain] The following profiles are active: @spring.profiles.active@
2022-03-04 19:18:54,234 INFO org.springframework.boot.logging.DeferredLog [restartedMain] Devtools property defaults active! Set 'spring.devtools.add-properties' to 'false' to disable
2022-03-04 19:18:54,236 INFO org.springframework.boot.logging.DeferredLog [restartedMain] For additional web related logging consider setting the 'logging.level.web' property to 'DEBUG'
2022-03-04 19:18:56,113 INFO org.springframework.boot.web.embedded.tomcat.TomcatWebServer [restartedMain] Tomcat initialized with port(s): 8082 (http)
2022-03-04 19:18:56,134 INFO org.apache.juli.logging.DirectJDKLog [restartedMain] Initializing ProtocolHandler ["http-nio-8082"]
2022-03-04 19:18:56,135 INFO org.apache.juli.logging.DirectJDKLog [restartedMain] Starting service [Tomcat]
2022-03-04 19:18:56,136 INFO org.apache.juli.logging.DirectJDKLog [restartedMain] Starting Servlet engine: [Apache Tomcat/9.0.46]
2022-03-04 19:18:56,291 INFO org.apache.juli.logging.DirectJDKLog [restartedMain] Initializing Spring embedded WebApplicationContext
2022-03-04 19:18:56,291 INFO org.springframework.boot.web.servlet.context.ServletWebServerApplicationContext [restartedMain] Root WebApplicationContext: initialization completed in 2054 ms
2022-03-04 19:18:56,424 INFO org.springframework.beans.factory.annotation.AutowiredAnnotationBeanPostProcessor [restartedMain] Autowired annotation is not supported on static fields: private static azure.loc.remote.WebClientWrapper azure.loc.remote.ServiceHelper.webClientWrapper
2022-03-04 19:18:56,426 INFO org.springframework.beans.factory.annotation.AutowiredAnnotationBeanPostProcessor [restartedMain] Autowired annotation should only be used on methods with parameters: private synchronized void azure.loc.remote.ServiceHelper.initStatic()
2022-03-04 19:19:08,253 INFO org.springframework.scheduling.concurrent.ExecutorConfigurationSupport [restartedMain] Initializing ExecutorService 'applicationTaskExecutor'
2022-03-04 19:19:09,592 WARN org.springframework.boot.devtools.autoconfigure.OptionalLiveReloadServer [restartedMain] Unable to start LiveReload server
2022-03-04 19:19:09,721 INFO org.apache.juli.logging.DirectJDKLog [restartedMain] Starting ProtocolHandler ["http-nio-8082"]
2022-03-04 19:19:09,785 INFO org.springframework.boot.web.embedded.tomcat.TomcatWebServer [restartedMain] Tomcat started on port(s): 8082 (http) with context path ''
2022-03-04 19:19:09,896 INFO org.springframework.boot.StartupInfoLogger [restartedMain] Started LetterOfCreditApplication in 16.574 seconds (JVM running for 17.736)
2022-03-04 19:19:09,903 INFO org.springframework.boot.availability.ApplicationAvailabilityBean [restartedMain] Application availability state LivenessState changed to CORRECT
2022-03-04 19:19:09,919 INFO org.springframework.boot.availability.ApplicationAvailabilityBean [restartedMain] Application availability state ReadinessState changed to ACCEPTING_TRAFFIC
2022-03-04 19:19:17,116 INFO org.apache.juli.logging.DirectJDKLog [http-nio-8082-exec-3] Initializing Spring DispatcherServlet 'dispatcherServlet'
2022-03-04 19:19:17,117 INFO org.springframework.web.servlet.FrameworkServlet [http-nio-8082-exec-3] Initializing Servlet 'dispatcherServlet'
2022-03-04 19:19:17,138 INFO org.springframework.web.servlet.FrameworkServlet [http-nio-8082-exec-3] Completed initialization in 20 ms
